生成启动时间为 2017/10/15 18:11:30。
     1>项目“D:\zhangh-t\ax\VehicleTerminal\VehicleTerminal\thirdpart\log4cplus-1.1.2\msvc10\log4cplusS.vcxproj”在节点 3 上(build 个目标)。
     1>InitializeBuildStatus:
         正在创建“D:\zhangh-t\ax\VehicleTerminal\VehicleTerminal\thirdpart\log4cplus-1.1.2\msvc10\Win32\obj.log4cplusS.Debug_Unicode\log4cplusS.unsuccessfulbuild”，因为已指定“AlwaysCreate”。
       ClCompile:
         C:\Program Files (x86)\Microsoft Visual Studio 10.0\VC\bin\CL.exe /c /I..\include /Zi /nologo /W3 /WX- /Od /Oy- /D LOG4CPLUS_STATIC /D _DEBUG /D DEBUG /D WIN32 /D _WIN32_WINNT=0x0501 /D WINVER=0x0501 /D INSIDE_LOG4CPLUS /D _SCL_SECURE_NO_DEPRECATE /D _CRT_SECURE_NO_DEPRECATE /D _CRT_SECURE_NO_WARNINGS /D _UNICODE /D UNICODE /Gm /EHsc /RTC1 /MDd /GS /Gy /fp:precise /Zc:wchar_t /Zc:forScope /Fo"D:\zhangh-t\ax\VehicleTerminal\VehicleTerminal\thirdpart\log4cplus-1.1.2\msvc10\Win32\obj.log4cplusS.Debug_Unicode\\" /Fd"D:\zhangh-t\ax\VehicleTerminal\VehicleTerminal\thirdpart\log4cplus-1.1.2\msvc10\Win32\bin.Debug_Unicode\log4cplusSUD.c.pdb" /FR"D:\zhangh-t\ax\VehicleTerminal\VehicleTerminal\thirdpart\log4cplus-1.1.2\msvc10\Win32\obj.log4cplusS.Debug_Unicode\\" /Gd /TP /analyze- /errorReport:prompt ..\src\appender.cxx ..\src\clogger.cxx ..\src\configurator.cxx ..\src\fileinfo.cxx "..\src\global-init.cxx" ..\src\hierarchy.cxx ..\src\hierarchylocker.cxx ..\src\layout.cxx ..\src\lockfile.cxx ..\src\log4judpappender.cxx ..\src\logger.cxx ..\src\loggingevent.cxx ..\src\loggingmacros.cxx ..\src\mdc.cxx ..\src\ndc.cxx ..\src\patternlayout.cxx ..\src\property.cxx ..\src\version.cxx ..\src\asyncappender.cxx ..\src\consoleappender.cxx ..\src\fileappender.cxx ..\src\nteventlogappender.cxx ..\src\nullappender.cxx ..\src\socketappender.cxx ..\src\syslogappender.cxx ..\src\win32consoleappender.cxx ..\src\win32debugappender.cxx ..\src\env.cxx ..\src\appenderattachableimpl.cxx ..\src\loglog.cxx ..\src\logloguser.cxx ..\src\pointer.cxx ..\src\queue.cxx ..\src\sleep.cxx ..\src\snprintf.cxx "..\src\socket-win32.cxx" ..\src\socket.cxx ..\src\socketbuffer.cxx "..\src\stringhelper-clocale.cxx" "..\src\stringhelper-cxxlocale.cxx" "..\src\stringhelper-iconv.cxx" ..\src\stringhelper.cxx ..\src\timehelper.cxx ..\src\factory.cxx ..\src\filter.cxx ..\src\loggerimpl.cxx ..\src\loglevel.cxx ..\src\objectregistry.cxx ..\src\rootlogger.cxx ..\src\syncprims.cxx ..\src\threads.cxx ..\src\tls.cxx
         {{xgTaskID=00000042}}
         hierarchylocker.cxx
         {{xgTaskID=00000000}}
         {{xgTaskID=0000003D}}
         clogger.cxx
         {{xgTaskID=00000000}}
         {{xgTaskID=0000003F}}
         fileinfo.cxx
         {{xgTaskID=00000000}}
         {{xgTaskID=00000045}}
         log4judpappender.cxx
         {{xgTaskID=00000000}}
         {{xgTaskID=00000046}}
         logger.cxx
         {{xgTaskID=00000000}}
         {{xgTaskID=00000047}}
         loggingevent.cxx
         {{xgTaskID=00000000}}
         {{xgTaskID=00000055}}
         win32consoleappender.cxx
         {{xgTaskID=00000000}}
         {{xgTaskID=00000058}}
         appenderattachableimpl.cxx
         {{xgTaskID=00000000}}
         {{xgTaskID=0000004E}}
         asyncappender.cxx
         {{xgTaskID=00000000}}
         {{xgTaskID=0000005F}}
         socket-win32.cxx
         {{xgTaskID=00000000}}
         {{xgTaskID=00000041}}
         hierarchy.cxx
         {{xgTaskID=00000000}}
         {{xgTaskID=0000006A}}
         loglevel.cxx
         {{xgTaskID=00000000}}
         {{xgTaskID=0000004F}}
         consoleappender.cxx
         {{xgTaskID=00000000}}
         {{xgTaskID=00000057}}
         env.cxx
         {{xgTaskID=00000000}}
         {{xgTaskID=00000044}}
         lockfile.cxx
         {{xgTaskID=00000000}}
         {{xgTaskID=00000052}}
         nullappender.cxx
         {{xgTaskID=00000000}}
         {{xgTaskID=00000043}}
         layout.cxx
         {{xgTaskID=00000000}}
         {{xgTaskID=00000059}}
         loglog.cxx
         {{xgTaskID=00000000}}
         {{xgTaskID=0000005A}}
         logloguser.cxx
         {{xgTaskID=00000000}}
         {{xgTaskID=0000004D}}
         version.cxx
         {{xgTaskID=00000000}}
         {{xgTaskID=00000061}}
         socketbuffer.cxx
         {{xgTaskID=00000000}}
         {{xgTaskID=00000064}}
         stringhelper-iconv.cxx
         {{xgTaskID=00000000}}
         {{xgTaskID=00000051}}
         nteventlogappender.cxx
         {{xgTaskID=00000000}}
         {{xgTaskID=00000053}}
         socketappender.cxx
         {{xgTaskID=00000000}}
         {{xgTaskID=0000005B}}
         pointer.cxx
         {{xgTaskID=00000000}}
         {{xgTaskID=0000003E}}
         configurator.cxx
         {{xgTaskID=00000000}}
         {{xgTaskID=0000006B}}
         objectregistry.cxx
         {{xgTaskID=00000000}}
         {{xgTaskID=00000050}}
         fileappender.cxx
         {{xgTaskID=00000000}}
         {{xgTaskID=00000048}}
         loggingmacros.cxx
         {{xgTaskID=00000000}}
         {{xgTaskID=00000049}}
         mdc.cxx
         {{xgTaskID=00000000}}
         {{xgTaskID=0000004A}}
         ndc.cxx
         {{xgTaskID=00000000}}
         {{xgTaskID=0000004C}}
         property.cxx
         {{xgTaskID=00000000}}
         {{xgTaskID=00000056}}
         win32debugappender.cxx
         {{xgTaskID=00000000}}
         {{xgTaskID=00000069}}
         loggerimpl.cxx
         {{xgTaskID=00000000}}
         {{xgTaskID=00000065}}
         stringhelper.cxx
         {{xgTaskID=00000000}}
         {{xgTaskID=0000004B}}
         patternlayout.cxx
         {{xgTaskID=00000000}}
         {{xgTaskID=00000066}}
         timehelper.cxx
         {{xgTaskID=00000000}}
         {{xgTaskID=0000006D}}
         syncprims.cxx
         {{xgTaskID=00000000}}
         {{xgTaskID=0000005C}}
         queue.cxx
         {{xgTaskID=00000000}}
         {{xgTaskID=00000062}}
         stringhelper-clocale.cxx
         {{xgTaskID=00000000}}
         {{xgTaskID=00000060}}
         socket.cxx
         {{xgTaskID=00000000}}
         {{xgTaskID=0000005D}}
         sleep.cxx
         {{xgTaskID=00000000}}
         {{xgTaskID=0000005E}}
         snprintf.cxx
         {{xgTaskID=00000000}}
         {{xgTaskID=00000054}}
         syslogappender.cxx
         {{xgTaskID=00000000}}
         {{xgTaskID=00000067}}
         factory.cxx
         {{xgTaskID=00000000}}
         {{xgTaskID=00000063}}
         stringhelper-cxxlocale.cxx
         {{xgTaskID=00000000}}
         {{xgTaskID=00000040}}
         global-init.cxx
         {{xgTaskID=00000000}}
         {{xgTaskID=0000006C}}
         rootlogger.cxx
         {{xgTaskID=00000000}}
         {{xgTaskID=00000068}}
         filter.cxx
         {{xgTaskID=00000000}}
         {{xgTaskID=0000003C}}
         appender.cxx
         {{xgTaskID=00000000}}
         {{xgTaskID=0000006F}}
         tls.cxx
         {{xgTaskID=00000000}}
         {{xgTaskID=0000006E}}
         threads.cxx
         {{xgTaskID=00000000}}
       Lib:
         C:\Program Files (x86)\Microsoft Visual Studio 10.0\VC\bin\Lib.exe /OUT:"D:\zhangh-t\ax\VehicleTerminal\VehicleTerminal\thirdpart\log4cplus-1.1.2\msvc10\Win32\bin.Debug_Unicode\log4cplusSUD.lib" ws2_32.lib /NOLOGO "D:\zhangh-t\ax\VehicleTerminal\VehicleTerminal\thirdpart\log4cplus-1.1.2\msvc10\Win32\obj.log4cplusS.Debug_Unicode\appender.obj"
         "D:\zhangh-t\ax\VehicleTerminal\VehicleTerminal\thirdpart\log4cplus-1.1.2\msvc10\Win32\obj.log4cplusS.Debug_Unicode\clogger.obj"
         "D:\zhangh-t\ax\VehicleTerminal\VehicleTerminal\thirdpart\log4cplus-1.1.2\msvc10\Win32\obj.log4cplusS.Debug_Unicode\configurator.obj"
         "D:\zhangh-t\ax\VehicleTerminal\VehicleTerminal\thirdpart\log4cplus-1.1.2\msvc10\Win32\obj.log4cplusS.Debug_Unicode\fileinfo.obj"
         "D:\zhangh-t\ax\VehicleTerminal\VehicleTerminal\thirdpart\log4cplus-1.1.2\msvc10\Win32\obj.log4cplusS.Debug_Unicode\global-init.obj"
         "D:\zhangh-t\ax\VehicleTerminal\VehicleTerminal\thirdpart\log4cplus-1.1.2\msvc10\Win32\obj.log4cplusS.Debug_Unicode\hierarchy.obj"
         "D:\zhangh-t\ax\VehicleTerminal\VehicleTerminal\thirdpart\log4cplus-1.1.2\msvc10\Win32\obj.log4cplusS.Debug_Unicode\hierarchylocker.obj"
         "D:\zhangh-t\ax\VehicleTerminal\VehicleTerminal\thirdpart\log4cplus-1.1.2\msvc10\Win32\obj.log4cplusS.Debug_Unicode\layout.obj"
         "D:\zhangh-t\ax\VehicleTerminal\VehicleTerminal\thirdpart\log4cplus-1.1.2\msvc10\Win32\obj.log4cplusS.Debug_Unicode\lockfile.obj"
         "D:\zhangh-t\ax\VehicleTerminal\VehicleTerminal\thirdpart\log4cplus-1.1.2\msvc10\Win32\obj.log4cplusS.Debug_Unicode\log4judpappender.obj"
         "D:\zhangh-t\ax\VehicleTerminal\VehicleTerminal\thirdpart\log4cplus-1.1.2\msvc10\Win32\obj.log4cplusS.Debug_Unicode\logger.obj"
         "D:\zhangh-t\ax\VehicleTerminal\VehicleTerminal\thirdpart\log4cplus-1.1.2\msvc10\Win32\obj.log4cplusS.Debug_Unicode\loggingevent.obj"
         "D:\zhangh-t\ax\VehicleTerminal\VehicleTerminal\thirdpart\log4cplus-1.1.2\msvc10\Win32\obj.log4cplusS.Debug_Unicode\loggingmacros.obj"
         "D:\zhangh-t\ax\VehicleTerminal\VehicleTerminal\thirdpart\log4cplus-1.1.2\msvc10\Win32\obj.log4cplusS.Debug_Unicode\mdc.obj"
         "D:\zhangh-t\ax\VehicleTerminal\VehicleTerminal\thirdpart\log4cplus-1.1.2\msvc10\Win32\obj.log4cplusS.Debug_Unicode\ndc.obj"
         "D:\zhangh-t\ax\VehicleTerminal\VehicleTerminal\thirdpart\log4cplus-1.1.2\msvc10\Win32\obj.log4cplusS.Debug_Unicode\patternlayout.obj"
         "D:\zhangh-t\ax\VehicleTerminal\VehicleTerminal\thirdpart\log4cplus-1.1.2\msvc10\Win32\obj.log4cplusS.Debug_Unicode\property.obj"
         "D:\zhangh-t\ax\VehicleTerminal\VehicleTerminal\thirdpart\log4cplus-1.1.2\msvc10\Win32\obj.log4cplusS.Debug_Unicode\version.obj"
         "D:\zhangh-t\ax\VehicleTerminal\VehicleTerminal\thirdpart\log4cplus-1.1.2\msvc10\Win32\obj.log4cplusS.Debug_Unicode\asyncappender.obj"
         "D:\zhangh-t\ax\VehicleTerminal\VehicleTerminal\thirdpart\log4cplus-1.1.2\msvc10\Win32\obj.log4cplusS.Debug_Unicode\consoleappender.obj"
         "D:\zhangh-t\ax\VehicleTerminal\VehicleTerminal\thirdpart\log4cplus-1.1.2\msvc10\Win32\obj.log4cplusS.Debug_Unicode\fileappender.obj"
         "D:\zhangh-t\ax\VehicleTerminal\VehicleTerminal\thirdpart\log4cplus-1.1.2\msvc10\Win32\obj.log4cplusS.Debug_Unicode\nteventlogappender.obj"
         "D:\zhangh-t\ax\VehicleTerminal\VehicleTerminal\thirdpart\log4cplus-1.1.2\msvc10\Win32\obj.log4cplusS.Debug_Unicode\nullappender.obj"
         "D:\zhangh-t\ax\VehicleTerminal\VehicleTerminal\thirdpart\log4cplus-1.1.2\msvc10\Win32\obj.log4cplusS.Debug_Unicode\socketappender.obj"
         "D:\zhangh-t\ax\VehicleTerminal\VehicleTerminal\thirdpart\log4cplus-1.1.2\msvc10\Win32\obj.log4cplusS.Debug_Unicode\syslogappender.obj"
         "D:\zhangh-t\ax\VehicleTerminal\VehicleTerminal\thirdpart\log4cplus-1.1.2\msvc10\Win32\obj.log4cplusS.Debug_Unicode\win32consoleappender.obj"
         "D:\zhangh-t\ax\VehicleTerminal\VehicleTerminal\thirdpart\log4cplus-1.1.2\msvc10\Win32\obj.log4cplusS.Debug_Unicode\win32debugappender.obj"
         "D:\zhangh-t\ax\VehicleTerminal\VehicleTerminal\thirdpart\log4cplus-1.1.2\msvc10\Win32\obj.log4cplusS.Debug_Unicode\env.obj"
         "D:\zhangh-t\ax\VehicleTerminal\VehicleTerminal\thirdpart\log4cplus-1.1.2\msvc10\Win32\obj.log4cplusS.Debug_Unicode\appenderattachableimpl.obj"
         "D:\zhangh-t\ax\VehicleTerminal\VehicleTerminal\thirdpart\log4cplus-1.1.2\msvc10\Win32\obj.log4cplusS.Debug_Unicode\loglog.obj"
         "D:\zhangh-t\ax\VehicleTerminal\VehicleTerminal\thirdpart\log4cplus-1.1.2\msvc10\Win32\obj.log4cplusS.Debug_Unicode\logloguser.obj"
         "D:\zhangh-t\ax\VehicleTerminal\VehicleTerminal\thirdpart\log4cplus-1.1.2\msvc10\Win32\obj.log4cplusS.Debug_Unicode\pointer.obj"
         "D:\zhangh-t\ax\VehicleTerminal\VehicleTerminal\thirdpart\log4cplus-1.1.2\msvc10\Win32\obj.log4cplusS.Debug_Unicode\queue.obj"
         "D:\zhangh-t\ax\VehicleTerminal\VehicleTerminal\thirdpart\log4cplus-1.1.2\msvc10\Win32\obj.log4cplusS.Debug_Unicode\sleep.obj"
         "D:\zhangh-t\ax\VehicleTerminal\VehicleTerminal\thirdpart\log4cplus-1.1.2\msvc10\Win32\obj.log4cplusS.Debug_Unicode\snprintf.obj"
         "D:\zhangh-t\ax\VehicleTerminal\VehicleTerminal\thirdpart\log4cplus-1.1.2\msvc10\Win32\obj.log4cplusS.Debug_Unicode\socket-win32.obj"
         "D:\zhangh-t\ax\VehicleTerminal\VehicleTerminal\thirdpart\log4cplus-1.1.2\msvc10\Win32\obj.log4cplusS.Debug_Unicode\socket.obj"
         "D:\zhangh-t\ax\VehicleTerminal\VehicleTerminal\thirdpart\log4cplus-1.1.2\msvc10\Win32\obj.log4cplusS.Debug_Unicode\socketbuffer.obj"
         "D:\zhangh-t\ax\VehicleTerminal\VehicleTerminal\thirdpart\log4cplus-1.1.2\msvc10\Win32\obj.log4cplusS.Debug_Unicode\stringhelper-clocale.obj"
         "D:\zhangh-t\ax\VehicleTerminal\VehicleTerminal\thirdpart\log4cplus-1.1.2\msvc10\Win32\obj.log4cplusS.Debug_Unicode\stringhelper-cxxlocale.obj"
         "D:\zhangh-t\ax\VehicleTerminal\VehicleTerminal\thirdpart\log4cplus-1.1.2\msvc10\Win32\obj.log4cplusS.Debug_Unicode\stringhelper-iconv.obj"
         "D:\zhangh-t\ax\VehicleTerminal\VehicleTerminal\thirdpart\log4cplus-1.1.2\msvc10\Win32\obj.log4cplusS.Debug_Unicode\stringhelper.obj"
         "D:\zhangh-t\ax\VehicleTerminal\VehicleTerminal\thirdpart\log4cplus-1.1.2\msvc10\Win32\obj.log4cplusS.Debug_Unicode\timehelper.obj"
         "D:\zhangh-t\ax\VehicleTerminal\VehicleTerminal\thirdpart\log4cplus-1.1.2\msvc10\Win32\obj.log4cplusS.Debug_Unicode\factory.obj"
         "D:\zhangh-t\ax\VehicleTerminal\VehicleTerminal\thirdpart\log4cplus-1.1.2\msvc10\Win32\obj.log4cplusS.Debug_Unicode\filter.obj"
         "D:\zhangh-t\ax\VehicleTerminal\VehicleTerminal\thirdpart\log4cplus-1.1.2\msvc10\Win32\obj.log4cplusS.Debug_Unicode\loggerimpl.obj"
         "D:\zhangh-t\ax\VehicleTerminal\VehicleTerminal\thirdpart\log4cplus-1.1.2\msvc10\Win32\obj.log4cplusS.Debug_Unicode\loglevel.obj"
         "D:\zhangh-t\ax\VehicleTerminal\VehicleTerminal\thirdpart\log4cplus-1.1.2\msvc10\Win32\obj.log4cplusS.Debug_Unicode\objectregistry.obj"
         "D:\zhangh-t\ax\VehicleTerminal\VehicleTerminal\thirdpart\log4cplus-1.1.2\msvc10\Win32\obj.log4cplusS.Debug_Unicode\rootlogger.obj"
         "D:\zhangh-t\ax\VehicleTerminal\VehicleTerminal\thirdpart\log4cplus-1.1.2\msvc10\Win32\obj.log4cplusS.Debug_Unicode\syncprims.obj"
         "D:\zhangh-t\ax\VehicleTerminal\VehicleTerminal\thirdpart\log4cplus-1.1.2\msvc10\Win32\obj.log4cplusS.Debug_Unicode\threads.obj"
         "D:\zhangh-t\ax\VehicleTerminal\VehicleTerminal\thirdpart\log4cplus-1.1.2\msvc10\Win32\obj.log4cplusS.Debug_Unicode\tls.obj"
         {{xgTaskID=00000072}}
     1>stringhelper-iconv.obj : warning LNK4221: 此对象文件未定义任何之前未定义的公共符号，因此任何耗用此库的链接操作都不会使用此文件
     1>stringhelper-clocale.obj : warning LNK4221: 此对象文件未定义任何之前未定义的公共符号，因此任何耗用此库的链接操作都不会使用此文件
         {{xgTaskID=00000000}}
         log4cplusS.vcxproj -> D:\zhangh-t\ax\VehicleTerminal\VehicleTerminal\thirdpart\log4cplus-1.1.2\msvc10\Win32\bin.Debug_Unicode\log4cplusSUD.lib
       BscMake:
         C:\Program Files (x86)\Microsoft Visual Studio 10.0\VC\bin\bscmake.exe /nologo /o"D:\zhangh-t\ax\VehicleTerminal\VehicleTerminal\thirdpart\log4cplus-1.1.2\msvc10\Win32\obj.log4cplusS.Debug_Unicode\log4cplusS.bsc" "D:\zhangh-t\ax\VehicleTerminal\VehicleTerminal\thirdpart\log4cplus-1.1.2\msvc10\Win32\obj.log4cplusS.Debug_Unicode\appender.sbr" "D:\zhangh-t\ax\VehicleTerminal\VehicleTerminal\thirdpart\log4cplus-1.1.2\msvc10\Win32\obj.log4cplusS.Debug_Unicode\clogger.sbr" "D:\zhangh-t\ax\VehicleTerminal\VehicleTerminal\thirdpart\log4cplus-1.1.2\msvc10\Win32\obj.log4cplusS.Debug_Unicode\configurator.sbr" "D:\zhangh-t\ax\VehicleTerminal\VehicleTerminal\thirdpart\log4cplus-1.1.2\msvc10\Win32\obj.log4cplusS.Debug_Unicode\fileinfo.sbr" "D:\zhangh-t\ax\VehicleTerminal\VehicleTerminal\thirdpart\log4cplus-1.1.2\msvc10\Win32\obj.log4cplusS.Debug_Unicode\global-init.sbr" "D:\zhangh-t\ax\VehicleTerminal\VehicleTerminal\thirdpart\log4cplus-1.1.2\msvc10\Win32\obj.log4cplusS.Debug_Unicode\hierarchy.sbr" "D:\zhangh-t\ax\VehicleTerminal\VehicleTerminal\thirdpart\log4cplus-1.1.2\msvc10\Win32\obj.log4cplusS.Debug_Unicode\hierarchylocker.sbr" "D:\zhangh-t\ax\VehicleTerminal\VehicleTerminal\thirdpart\log4cplus-1.1.2\msvc10\Win32\obj.log4cplusS.Debug_Unicode\layout.sbr" "D:\zhangh-t\ax\VehicleTerminal\VehicleTerminal\thirdpart\log4cplus-1.1.2\msvc10\Win32\obj.log4cplusS.Debug_Unicode\lockfile.sbr" "D:\zhangh-t\ax\VehicleTerminal\VehicleTerminal\thirdpart\log4cplus-1.1.2\msvc10\Win32\obj.log4cplusS.Debug_Unicode\log4judpappender.sbr" "D:\zhangh-t\ax\VehicleTerminal\VehicleTerminal\thirdpart\log4cplus-1.1.2\msvc10\Win32\obj.log4cplusS.Debug_Unicode\logger.sbr" "D:\zhangh-t\ax\VehicleTerminal\VehicleTerminal\thirdpart\log4cplus-1.1.2\msvc10\Win32\obj.log4cplusS.Debug_Unicode\loggingevent.sbr" "D:\zhangh-t\ax\VehicleTerminal\VehicleTerminal\thirdpart\log4cplus-1.1.2\msvc10\Win32\obj.log4cplusS.Debug_Unicode\loggingmacros.sbr" "D:\zhangh-t\ax\VehicleTerminal\VehicleTerminal\thirdpart\log4cplus-1.1.2\msvc10\Win32\obj.log4cplusS.Debug_Unicode\mdc.sbr" "D:\zhangh-t\ax\VehicleTerminal\VehicleTerminal\thirdpart\log4cplus-1.1.2\msvc10\Win32\obj.log4cplusS.Debug_Unicode\ndc.sbr" "D:\zhangh-t\ax\VehicleTerminal\VehicleTerminal\thirdpart\log4cplus-1.1.2\msvc10\Win32\obj.log4cplusS.Debug_Unicode\patternlayout.sbr" "D:\zhangh-t\ax\VehicleTerminal\VehicleTerminal\thirdpart\log4cplus-1.1.2\msvc10\Win32\obj.log4cplusS.Debug_Unicode\property.sbr" "D:\zhangh-t\ax\VehicleTerminal\VehicleTerminal\thirdpart\log4cplus-1.1.2\msvc10\Win32\obj.log4cplusS.Debug_Unicode\version.sbr" "D:\zhangh-t\ax\VehicleTerminal\VehicleTerminal\thirdpart\log4cplus-1.1.2\msvc10\Win32\obj.log4cplusS.Debug_Unicode\asyncappender.sbr" "D:\zhangh-t\ax\VehicleTerminal\VehicleTerminal\thirdpart\log4cplus-1.1.2\msvc10\Win32\obj.log4cplusS.Debug_Unicode\consoleappender.sbr" "D:\zhangh-t\ax\VehicleTerminal\VehicleTerminal\thirdpart\log4cplus-1.1.2\msvc10\Win32\obj.log4cplusS.Debug_Unicode\fileappender.sbr" "D:\zhangh-t\ax\VehicleTerminal\VehicleTerminal\thirdpart\log4cplus-1.1.2\msvc10\Win32\obj.log4cplusS.Debug_Unicode\nteventlogappender.sbr" "D:\zhangh-t\ax\VehicleTerminal\VehicleTerminal\thirdpart\log4cplus-1.1.2\msvc10\Win32\obj.log4cplusS.Debug_Unicode\nullappender.sbr" "D:\zhangh-t\ax\VehicleTerminal\VehicleTerminal\thirdpart\log4cplus-1.1.2\msvc10\Win32\obj.log4cplusS.Debug_Unicode\socketappender.sbr" "D:\zhangh-t\ax\VehicleTerminal\VehicleTerminal\thirdpart\log4cplus-1.1.2\msvc10\Win32\obj.log4cplusS.Debug_Unicode\syslogappender.sbr" "D:\zhangh-t\ax\VehicleTerminal\VehicleTerminal\thirdpart\log4cplus-1.1.2\msvc10\Win32\obj.log4cplusS.Debug_Unicode\win32consoleappender.sbr" "D:\zhangh-t\ax\VehicleTerminal\VehicleTerminal\thirdpart\log4cplus-1.1.2\msvc10\Win32\obj.log4cplusS.Debug_Unicode\win32debugappender.sbr" "D:\zhangh-t\ax\VehicleTerminal\VehicleTerminal\thirdpart\log4cplus-1.1.2\msvc10\Win32\obj.log4cplusS.Debug_Unicode\env.sbr" "D:\zhangh-t\ax\VehicleTerminal\VehicleTerminal\thirdpart\log4cplus-1.1.2\msvc10\Win32\obj.log4cplusS.Debug_Unicode\appenderattachableimpl.sbr" "D:\zhangh-t\ax\VehicleTerminal\VehicleTerminal\thirdpart\log4cplus-1.1.2\msvc10\Win32\obj.log4cplusS.Debug_Unicode\loglog.sbr" "D:\zhangh-t\ax\VehicleTerminal\VehicleTerminal\thirdpart\log4cplus-1.1.2\msvc10\Win32\obj.log4cplusS.Debug_Unicode\logloguser.sbr" "D:\zhangh-t\ax\VehicleTerminal\VehicleTerminal\thirdpart\log4cplus-1.1.2\msvc10\Win32\obj.log4cplusS.Debug_Unicode\pointer.sbr" "D:\zhangh-t\ax\VehicleTerminal\VehicleTerminal\thirdpart\log4cplus-1.1.2\msvc10\Win32\obj.log4cplusS.Debug_Unicode\queue.sbr" "D:\zhangh-t\ax\VehicleTerminal\VehicleTerminal\thirdpart\log4cplus-1.1.2\msvc10\Win32\obj.log4cplusS.Debug_Unicode\sleep.sbr" "D:\zhangh-t\ax\VehicleTerminal\VehicleTerminal\thirdpart\log4cplus-1.1.2\msvc10\Win32\obj.log4cplusS.Debug_Unicode\snprintf.sbr" "D:\zhangh-t\ax\VehicleTerminal\VehicleTerminal\thirdpart\log4cplus-1.1.2\msvc10\Win32\obj.log4cplusS.Debug_Unicode\socket-win32.sbr" "D:\zhangh-t\ax\VehicleTerminal\VehicleTerminal\thirdpart\log4cplus-1.1.2\msvc10\Win32\obj.log4cplusS.Debug_Unicode\socket.sbr" "D:\zhangh-t\ax\VehicleTerminal\VehicleTerminal\thirdpart\log4cplus-1.1.2\msvc10\Win32\obj.log4cplusS.Debug_Unicode\socketbuffer.sbr" "D:\zhangh-t\ax\VehicleTerminal\VehicleTerminal\thirdpart\log4cplus-1.1.2\msvc10\Win32\obj.log4cplusS.Debug_Unicode\stringhelper-clocale.sbr" "D:\zhangh-t\ax\VehicleTerminal\VehicleTerminal\thirdpart\log4cplus-1.1.2\msvc10\Win32\obj.log4cplusS.Debug_Unicode\stringhelper-cxxlocale.sbr" "D:\zhangh-t\ax\VehicleTerminal\VehicleTerminal\thirdpart\log4cplus-1.1.2\msvc10\Win32\obj.log4cplusS.Debug_Unicode\stringhelper-iconv.sbr" "D:\zhangh-t\ax\VehicleTerminal\VehicleTerminal\thirdpart\log4cplus-1.1.2\msvc10\Win32\obj.log4cplusS.Debug_Unicode\stringhelper.sbr" "D:\zhangh-t\ax\VehicleTerminal\VehicleTerminal\thirdpart\log4cplus-1.1.2\msvc10\Win32\obj.log4cplusS.Debug_Unicode\timehelper.sbr" "D:\zhangh-t\ax\VehicleTerminal\VehicleTerminal\thirdpart\log4cplus-1.1.2\msvc10\Win32\obj.log4cplusS.Debug_Unicode\factory.sbr" "D:\zhangh-t\ax\VehicleTerminal\VehicleTerminal\thirdpart\log4cplus-1.1.2\msvc10\Win32\obj.log4cplusS.Debug_Unicode\filter.sbr" "D:\zhangh-t\ax\VehicleTerminal\VehicleTerminal\thirdpart\log4cplus-1.1.2\msvc10\Win32\obj.log4cplusS.Debug_Unicode\loggerimpl.sbr" "D:\zhangh-t\ax\VehicleTerminal\VehicleTerminal\thirdpart\log4cplus-1.1.2\msvc10\Win32\obj.log4cplusS.Debug_Unicode\loglevel.sbr" "D:\zhangh-t\ax\VehicleTerminal\VehicleTerminal\thirdpart\log4cplus-1.1.2\msvc10\Win32\obj.log4cplusS.Debug_Unicode\objectregistry.sbr" "D:\zhangh-t\ax\VehicleTerminal\VehicleTerminal\thirdpart\log4cplus-1.1.2\msvc10\Win32\obj.log4cplusS.Debug_Unicode\rootlogger.sbr" "D:\zhangh-t\ax\VehicleTerminal\VehicleTerminal\thirdpart\log4cplus-1.1.2\msvc10\Win32\obj.log4cplusS.Debug_Unicode\syncprims.sbr" "D:\zhangh-t\ax\VehicleTerminal\VehicleTerminal\thirdpart\log4cplus-1.1.2\msvc10\Win32\obj.log4cplusS.Debug_Unicode\threads.sbr" "D:\zhangh-t\ax\VehicleTerminal\VehicleTerminal\thirdpart\log4cplus-1.1.2\msvc10\Win32\obj.log4cplusS.Debug_Unicode\tls.sbr"
         {{xgTaskID=00000073}}
         
         {{xgTaskID=00000000}}
       FinalizeBuildStatus:
         正在删除文件“D:\zhangh-t\ax\VehicleTerminal\VehicleTerminal\thirdpart\log4cplus-1.1.2\msvc10\Win32\obj.log4cplusS.Debug_Unicode\log4cplusS.unsuccessfulbuild”。
         正在对“D:\zhangh-t\ax\VehicleTerminal\VehicleTerminal\thirdpart\log4cplus-1.1.2\msvc10\Win32\obj.log4cplusS.Debug_Unicode\log4cplusS.lastbuildstate”执行 Touch 任务。
     1>已完成生成项目“D:\zhangh-t\ax\VehicleTerminal\VehicleTerminal\thirdpart\log4cplus-1.1.2\msvc10\log4cplusS.vcxproj”(build 个目标)的操作。

生成成功。

已用时间 00:00:10.31
