生成启动时间为 2017/10/15 18:11:30。
     1>项目“D:\zhangh-t\ax\VehicleTerminal\VehicleTerminal\thirdpart\log4cplus-1.1.2\msvc10\log4cplus.vcxproj”在节点 2 上(build 个目标)。
     1>PrepareForBuild:
         正在创建目录“D:\zhangh-t\ax\VehicleTerminal\VehicleTerminal\thirdpart\log4cplus-1.1.2\msvc10\Win32\bin.Debug_Unicode\”。
       InitializeBuildStatus:
         正在创建“D:\zhangh-t\ax\VehicleTerminal\VehicleTerminal\thirdpart\log4cplus-1.1.2\msvc10\Win32\obj.log4cplus.Debug_Unicode\log4cplus.unsuccessfulbuild”，因为已指定“AlwaysCreate”。
       ClCompile:
         C:\Program Files (x86)\Microsoft Visual Studio 10.0\VC\bin\CL.exe /c /I..\include /Zi /nologo /W3 /WX- /Od /Oy- /D LOG4CPLUS_BUILD_DLL /D _DEBUG /D DEBUG /D WIN32 /D _WIN32_WINNT=0x0501 /D WINVER=0x0501 /D INSIDE_LOG4CPLUS /D _SCL_SECURE_NO_DEPRECATE /D _CRT_SECURE_NO_DEPRECATE /D _CRT_SECURE_NO_WARNINGS /D _WINDLL /D _UNICODE /D UNICODE /Gm /EHsc /RTC1 /MDd /GS /Gy /fp:precise /Zc:wchar_t /Zc:forScope /Fo"D:\zhangh-t\ax\VehicleTerminal\VehicleTerminal\thirdpart\log4cplus-1.1.2\msvc10\Win32\obj.log4cplus.Debug_Unicode\\" /Fd"D:\zhangh-t\ax\VehicleTerminal\VehicleTerminal\thirdpart\log4cplus-1.1.2\msvc10\Win32\bin.Debug_Unicode\log4cplusUD.c.pdb" /Gd /TP /analyze- /errorReport:prompt ..\src\appender.cxx ..\src\clogger.cxx ..\src\configurator.cxx ..\src\fileinfo.cxx "..\src\global-init.cxx" ..\src\hierarchy.cxx ..\src\hierarchylocker.cxx ..\src\layout.cxx ..\src\lockfile.cxx ..\src\log4judpappender.cxx ..\src\logger.cxx ..\src\loggingevent.cxx ..\src\loggingmacros.cxx ..\src\mdc.cxx ..\src\ndc.cxx ..\src\patternlayout.cxx ..\src\version.cxx ..\src\asyncappender.cxx ..\src\consoleappender.cxx ..\src\fileappender.cxx ..\src\nteventlogappender.cxx ..\src\nullappender.cxx ..\src\socketappender.cxx ..\src\syslogappender.cxx ..\src\win32consoleappender.cxx ..\src\win32debugappender.cxx ..\src\env.cxx ..\src\factory.cxx ..\src\filter.cxx ..\src\loggerimpl.cxx ..\src\loglevel.cxx ..\src\objectregistry.cxx ..\src\rootlogger.cxx ..\src\syncprims.cxx ..\src\threads.cxx ..\src\tls.cxx ..\src\appenderattachableimpl.cxx ..\src\loglog.cxx ..\src\logloguser.cxx ..\src\pointer.cxx ..\src\property.cxx ..\src\queue.cxx ..\src\sleep.cxx ..\src\snprintf.cxx "..\src\socket-win32.cxx" ..\src\socket.cxx ..\src\socketbuffer.cxx "..\src\stringhelper-clocale.cxx" "..\src\stringhelper-cxxlocale.cxx" "..\src\stringhelper-iconv.cxx" ..\src\stringhelper.cxx ..\src\timehelper.cxx
         {{xgTaskID=00000017}}
         version.cxx
         {{xgTaskID=00000000}}
         {{xgTaskID=0000000A}}
         fileinfo.cxx
         {{xgTaskID=00000000}}
         {{xgTaskID=0000000F}}
         lockfile.cxx
         {{xgTaskID=00000000}}
         {{xgTaskID=00000008}}
         clogger.cxx
         {{xgTaskID=00000000}}
         {{xgTaskID=00000007}}
         appender.cxx
         {{xgTaskID=00000000}}
         {{xgTaskID=00000011}}
         logger.cxx
         {{xgTaskID=00000000}}
         {{xgTaskID=00000013}}
         loggingmacros.cxx
         {{xgTaskID=00000000}}
         {{xgTaskID=0000000D}}
         hierarchylocker.cxx
         {{xgTaskID=00000000}}
         {{xgTaskID=0000000B}}
         global-init.cxx
         {{xgTaskID=00000000}}
         {{xgTaskID=0000000C}}
         hierarchy.cxx
         {{xgTaskID=00000000}}
         {{xgTaskID=0000000E}}
         layout.cxx
         {{xgTaskID=00000000}}
         {{xgTaskID=00000014}}
         mdc.cxx
         {{xgTaskID=00000000}}
         {{xgTaskID=00000034}}
         socket.cxx
         {{xgTaskID=00000000}}
         {{xgTaskID=00000033}}
         socket-win32.cxx
         {{xgTaskID=00000000}}
         {{xgTaskID=00000036}}
         stringhelper-clocale.cxx
         {{xgTaskID=00000000}}
         {{xgTaskID=0000002E}}
         pointer.cxx
         {{xgTaskID=00000000}}
         {{xgTaskID=0000002C}}
         loglog.cxx
         {{xgTaskID=00000000}}
         {{xgTaskID=00000009}}
         configurator.cxx
         {{xgTaskID=00000000}}
         {{xgTaskID=00000021}}
         env.cxx
         {{xgTaskID=00000000}}
         {{xgTaskID=0000002A}}
         tls.cxx
         {{xgTaskID=00000000}}
         {{xgTaskID=0000002D}}
         logloguser.cxx
         {{xgTaskID=00000000}}
         {{xgTaskID=00000035}}
         socketbuffer.cxx
         {{xgTaskID=00000000}}
         {{xgTaskID=0000001A}}
         fileappender.cxx
         {{xgTaskID=00000000}}
         {{xgTaskID=00000038}}
         stringhelper-iconv.cxx
         {{xgTaskID=00000000}}
         {{xgTaskID=0000001D}}
         socketappender.cxx
         {{xgTaskID=00000000}}
         {{xgTaskID=00000010}}
         log4judpappender.cxx
         {{xgTaskID=00000000}}
         {{xgTaskID=0000003A}}
         timehelper.cxx
         {{xgTaskID=00000000}}
         {{xgTaskID=0000002F}}
         property.cxx
         {{xgTaskID=00000000}}
         {{xgTaskID=00000029}}
         threads.cxx
         {{xgTaskID=00000000}}
         {{xgTaskID=00000012}}
         loggingevent.cxx
         {{xgTaskID=00000000}}
         {{xgTaskID=0000001F}}
         win32consoleappender.cxx
         {{xgTaskID=00000000}}
         {{xgTaskID=00000025}}
         loglevel.cxx
         {{xgTaskID=00000000}}
         {{xgTaskID=00000015}}
         ndc.cxx
         {{xgTaskID=00000000}}
         {{xgTaskID=00000026}}
         objectregistry.cxx
         {{xgTaskID=00000000}}
         {{xgTaskID=00000032}}
         snprintf.cxx
         {{xgTaskID=00000000}}
         {{xgTaskID=00000028}}
         syncprims.cxx
         {{xgTaskID=00000000}}
         {{xgTaskID=00000016}}
         patternlayout.cxx
         {{xgTaskID=00000000}}
         {{xgTaskID=0000001C}}
         nullappender.cxx
         {{xgTaskID=00000000}}
         {{xgTaskID=00000037}}
         stringhelper-cxxlocale.cxx
         {{xgTaskID=00000000}}
         {{xgTaskID=00000023}}
         filter.cxx
         {{xgTaskID=00000000}}
         {{xgTaskID=00000020}}
         win32debugappender.cxx
         {{xgTaskID=00000000}}
         {{xgTaskID=00000018}}
         asyncappender.cxx
         {{xgTaskID=00000000}}
         {{xgTaskID=00000039}}
         stringhelper.cxx
         {{xgTaskID=00000000}}
         {{xgTaskID=00000031}}
         sleep.cxx
         {{xgTaskID=00000000}}
         {{xgTaskID=00000027}}
         rootlogger.cxx
         {{xgTaskID=00000000}}
         {{xgTaskID=0000001E}}
         syslogappender.cxx
         {{xgTaskID=00000000}}
         {{xgTaskID=00000030}}
         queue.cxx
         {{xgTaskID=00000000}}
         {{xgTaskID=0000002B}}
         appenderattachableimpl.cxx
         {{xgTaskID=00000000}}
         {{xgTaskID=00000022}}
         factory.cxx
         {{xgTaskID=00000000}}
         {{xgTaskID=0000001B}}
         nteventlogappender.cxx
         {{xgTaskID=00000000}}
         {{xgTaskID=00000019}}
         consoleappender.cxx
         {{xgTaskID=00000000}}
         {{xgTaskID=00000024}}
         loggerimpl.cxx
         {{xgTaskID=00000000}}
       ManifestResourceCompile:
         c:\Program Files (x86)\Microsoft SDKs\Windows\v7.0A\bin\rc.exe /nologo /fo"D:\zhangh-t\ax\VehicleTerminal\VehicleTerminal\thirdpart\log4cplus-1.1.2\msvc10\Win32\obj.log4cplus.Debug_Unicode\log4cplusUD.dll.embed.manifest.res" D:\zhangh-t\ax\VehicleTerminal\VehicleTerminal\thirdpart\log4cplus-1.1.2\msvc10\Win32\obj.log4cplus.Debug_Unicode\log4cplusUD_manifest.rc 
         {{xgTaskID=00000070}}
         
         {{xgTaskID=00000000}}
       Link:
         C:\Program Files (x86)\Microsoft Visual Studio 10.0\VC\bin\link.exe /ERRORREPORT:PROMPT /OUT:"D:\zhangh-t\ax\VehicleTerminal\VehicleTerminal\thirdpart\log4cplus-1.1.2\msvc10\Win32\bin.Debug_Unicode\log4cplusUD.dll" /INCREMENTAL /NOLOGO ws2_32.lib kernel32.lib user32.lib gdi32.lib winspool.lib comdlg32.lib advapi32.lib shell32.lib ole32.lib oleaut32.lib uuid.lib odbc32.lib odbccp32.lib /MANIFEST /ManifestFile:"D:\zhangh-t\ax\VehicleTerminal\VehicleTerminal\thirdpart\log4cplus-1.1.2\msvc10\Win32\obj.log4cplus.Debug_Unicode\log4cplusUD.dll.intermediate.manifest" /MANIFESTUAC:"level='asInvoker' uiAccess='false'" /DEBUG /PDB:"D:\zhangh-t\ax\VehicleTerminal\VehicleTerminal\thirdpart\log4cplus-1.1.2\msvc10\Win32\bin.Debug_Unicode\log4cplusUD.pdb" /OPT:REF /OPT:NOICF /TLBID:1 /DYNAMICBASE /NXCOMPAT /IMPLIB:"D:\zhangh-t\ax\VehicleTerminal\VehicleTerminal\thirdpart\log4cplus-1.1.2\msvc10\Win32\bin.Debug_Unicode\log4cplusUD.lib" /MACHINE:X86 /DLL "D:\zhangh-t\ax\VehicleTerminal\VehicleTerminal\thirdpart\log4cplus-1.1.2\msvc10\Win32\obj.log4cplus.Debug_Unicode\log4cplusUD.dll.embed.manifest.res"
         "D:\zhangh-t\ax\VehicleTerminal\VehicleTerminal\thirdpart\log4cplus-1.1.2\msvc10\Win32\obj.log4cplus.Debug_Unicode\appender.obj"
         "D:\zhangh-t\ax\VehicleTerminal\VehicleTerminal\thirdpart\log4cplus-1.1.2\msvc10\Win32\obj.log4cplus.Debug_Unicode\clogger.obj"
         "D:\zhangh-t\ax\VehicleTerminal\VehicleTerminal\thirdpart\log4cplus-1.1.2\msvc10\Win32\obj.log4cplus.Debug_Unicode\configurator.obj"
         "D:\zhangh-t\ax\VehicleTerminal\VehicleTerminal\thirdpart\log4cplus-1.1.2\msvc10\Win32\obj.log4cplus.Debug_Unicode\fileinfo.obj"
         "D:\zhangh-t\ax\VehicleTerminal\VehicleTerminal\thirdpart\log4cplus-1.1.2\msvc10\Win32\obj.log4cplus.Debug_Unicode\global-init.obj"
         "D:\zhangh-t\ax\VehicleTerminal\VehicleTerminal\thirdpart\log4cplus-1.1.2\msvc10\Win32\obj.log4cplus.Debug_Unicode\hierarchy.obj"
         "D:\zhangh-t\ax\VehicleTerminal\VehicleTerminal\thirdpart\log4cplus-1.1.2\msvc10\Win32\obj.log4cplus.Debug_Unicode\hierarchylocker.obj"
         "D:\zhangh-t\ax\VehicleTerminal\VehicleTerminal\thirdpart\log4cplus-1.1.2\msvc10\Win32\obj.log4cplus.Debug_Unicode\layout.obj"
         "D:\zhangh-t\ax\VehicleTerminal\VehicleTerminal\thirdpart\log4cplus-1.1.2\msvc10\Win32\obj.log4cplus.Debug_Unicode\lockfile.obj"
         "D:\zhangh-t\ax\VehicleTerminal\VehicleTerminal\thirdpart\log4cplus-1.1.2\msvc10\Win32\obj.log4cplus.Debug_Unicode\log4judpappender.obj"
         "D:\zhangh-t\ax\VehicleTerminal\VehicleTerminal\thirdpart\log4cplus-1.1.2\msvc10\Win32\obj.log4cplus.Debug_Unicode\logger.obj"
         "D:\zhangh-t\ax\VehicleTerminal\VehicleTerminal\thirdpart\log4cplus-1.1.2\msvc10\Win32\obj.log4cplus.Debug_Unicode\loggingevent.obj"
         "D:\zhangh-t\ax\VehicleTerminal\VehicleTerminal\thirdpart\log4cplus-1.1.2\msvc10\Win32\obj.log4cplus.Debug_Unicode\loggingmacros.obj"
         "D:\zhangh-t\ax\VehicleTerminal\VehicleTerminal\thirdpart\log4cplus-1.1.2\msvc10\Win32\obj.log4cplus.Debug_Unicode\mdc.obj"
         "D:\zhangh-t\ax\VehicleTerminal\VehicleTerminal\thirdpart\log4cplus-1.1.2\msvc10\Win32\obj.log4cplus.Debug_Unicode\ndc.obj"
         "D:\zhangh-t\ax\VehicleTerminal\VehicleTerminal\thirdpart\log4cplus-1.1.2\msvc10\Win32\obj.log4cplus.Debug_Unicode\patternlayout.obj"
         "D:\zhangh-t\ax\VehicleTerminal\VehicleTerminal\thirdpart\log4cplus-1.1.2\msvc10\Win32\obj.log4cplus.Debug_Unicode\version.obj"
         "D:\zhangh-t\ax\VehicleTerminal\VehicleTerminal\thirdpart\log4cplus-1.1.2\msvc10\Win32\obj.log4cplus.Debug_Unicode\asyncappender.obj"
         "D:\zhangh-t\ax\VehicleTerminal\VehicleTerminal\thirdpart\log4cplus-1.1.2\msvc10\Win32\obj.log4cplus.Debug_Unicode\consoleappender.obj"
         "D:\zhangh-t\ax\VehicleTerminal\VehicleTerminal\thirdpart\log4cplus-1.1.2\msvc10\Win32\obj.log4cplus.Debug_Unicode\fileappender.obj"
         "D:\zhangh-t\ax\VehicleTerminal\VehicleTerminal\thirdpart\log4cplus-1.1.2\msvc10\Win32\obj.log4cplus.Debug_Unicode\nteventlogappender.obj"
         "D:\zhangh-t\ax\VehicleTerminal\VehicleTerminal\thirdpart\log4cplus-1.1.2\msvc10\Win32\obj.log4cplus.Debug_Unicode\nullappender.obj"
         "D:\zhangh-t\ax\VehicleTerminal\VehicleTerminal\thirdpart\log4cplus-1.1.2\msvc10\Win32\obj.log4cplus.Debug_Unicode\socketappender.obj"
         "D:\zhangh-t\ax\VehicleTerminal\VehicleTerminal\thirdpart\log4cplus-1.1.2\msvc10\Win32\obj.log4cplus.Debug_Unicode\syslogappender.obj"
         "D:\zhangh-t\ax\VehicleTerminal\VehicleTerminal\thirdpart\log4cplus-1.1.2\msvc10\Win32\obj.log4cplus.Debug_Unicode\win32consoleappender.obj"
         "D:\zhangh-t\ax\VehicleTerminal\VehicleTerminal\thirdpart\log4cplus-1.1.2\msvc10\Win32\obj.log4cplus.Debug_Unicode\win32debugappender.obj"
         "D:\zhangh-t\ax\VehicleTerminal\VehicleTerminal\thirdpart\log4cplus-1.1.2\msvc10\Win32\obj.log4cplus.Debug_Unicode\env.obj"
         "D:\zhangh-t\ax\VehicleTerminal\VehicleTerminal\thirdpart\log4cplus-1.1.2\msvc10\Win32\obj.log4cplus.Debug_Unicode\factory.obj"
         "D:\zhangh-t\ax\VehicleTerminal\VehicleTerminal\thirdpart\log4cplus-1.1.2\msvc10\Win32\obj.log4cplus.Debug_Unicode\filter.obj"
         "D:\zhangh-t\ax\VehicleTerminal\VehicleTerminal\thirdpart\log4cplus-1.1.2\msvc10\Win32\obj.log4cplus.Debug_Unicode\loggerimpl.obj"
         "D:\zhangh-t\ax\VehicleTerminal\VehicleTerminal\thirdpart\log4cplus-1.1.2\msvc10\Win32\obj.log4cplus.Debug_Unicode\loglevel.obj"
         "D:\zhangh-t\ax\VehicleTerminal\VehicleTerminal\thirdpart\log4cplus-1.1.2\msvc10\Win32\obj.log4cplus.Debug_Unicode\objectregistry.obj"
         "D:\zhangh-t\ax\VehicleTerminal\VehicleTerminal\thirdpart\log4cplus-1.1.2\msvc10\Win32\obj.log4cplus.Debug_Unicode\rootlogger.obj"
         "D:\zhangh-t\ax\VehicleTerminal\VehicleTerminal\thirdpart\log4cplus-1.1.2\msvc10\Win32\obj.log4cplus.Debug_Unicode\syncprims.obj"
         "D:\zhangh-t\ax\VehicleTerminal\VehicleTerminal\thirdpart\log4cplus-1.1.2\msvc10\Win32\obj.log4cplus.Debug_Unicode\threads.obj"
         "D:\zhangh-t\ax\VehicleTerminal\VehicleTerminal\thirdpart\log4cplus-1.1.2\msvc10\Win32\obj.log4cplus.Debug_Unicode\tls.obj"
         "D:\zhangh-t\ax\VehicleTerminal\VehicleTerminal\thirdpart\log4cplus-1.1.2\msvc10\Win32\obj.log4cplus.Debug_Unicode\appenderattachableimpl.obj"
         "D:\zhangh-t\ax\VehicleTerminal\VehicleTerminal\thirdpart\log4cplus-1.1.2\msvc10\Win32\obj.log4cplus.Debug_Unicode\loglog.obj"
         "D:\zhangh-t\ax\VehicleTerminal\VehicleTerminal\thirdpart\log4cplus-1.1.2\msvc10\Win32\obj.log4cplus.Debug_Unicode\logloguser.obj"
         "D:\zhangh-t\ax\VehicleTerminal\VehicleTerminal\thirdpart\log4cplus-1.1.2\msvc10\Win32\obj.log4cplus.Debug_Unicode\pointer.obj"
         "D:\zhangh-t\ax\VehicleTerminal\VehicleTerminal\thirdpart\log4cplus-1.1.2\msvc10\Win32\obj.log4cplus.Debug_Unicode\property.obj"
         "D:\zhangh-t\ax\VehicleTerminal\VehicleTerminal\thirdpart\log4cplus-1.1.2\msvc10\Win32\obj.log4cplus.Debug_Unicode\queue.obj"
         "D:\zhangh-t\ax\VehicleTerminal\VehicleTerminal\thirdpart\log4cplus-1.1.2\msvc10\Win32\obj.log4cplus.Debug_Unicode\sleep.obj"
         "D:\zhangh-t\ax\VehicleTerminal\VehicleTerminal\thirdpart\log4cplus-1.1.2\msvc10\Win32\obj.log4cplus.Debug_Unicode\snprintf.obj"
         "D:\zhangh-t\ax\VehicleTerminal\VehicleTerminal\thirdpart\log4cplus-1.1.2\msvc10\Win32\obj.log4cplus.Debug_Unicode\socket-win32.obj"
         "D:\zhangh-t\ax\VehicleTerminal\VehicleTerminal\thirdpart\log4cplus-1.1.2\msvc10\Win32\obj.log4cplus.Debug_Unicode\socket.obj"
         "D:\zhangh-t\ax\VehicleTerminal\VehicleTerminal\thirdpart\log4cplus-1.1.2\msvc10\Win32\obj.log4cplus.Debug_Unicode\socketbuffer.obj"
         "D:\zhangh-t\ax\VehicleTerminal\VehicleTerminal\thirdpart\log4cplus-1.1.2\msvc10\Win32\obj.log4cplus.Debug_Unicode\stringhelper-clocale.obj"
         "D:\zhangh-t\ax\VehicleTerminal\VehicleTerminal\thirdpart\log4cplus-1.1.2\msvc10\Win32\obj.log4cplus.Debug_Unicode\stringhelper-cxxlocale.obj"
         "D:\zhangh-t\ax\VehicleTerminal\VehicleTerminal\thirdpart\log4cplus-1.1.2\msvc10\Win32\obj.log4cplus.Debug_Unicode\stringhelper-iconv.obj"
         "D:\zhangh-t\ax\VehicleTerminal\VehicleTerminal\thirdpart\log4cplus-1.1.2\msvc10\Win32\obj.log4cplus.Debug_Unicode\stringhelper.obj"
         "D:\zhangh-t\ax\VehicleTerminal\VehicleTerminal\thirdpart\log4cplus-1.1.2\msvc10\Win32\obj.log4cplus.Debug_Unicode\timehelper.obj"
         {{xgTaskID=00000071}}
     1>LINK : warning LNK4075: 忽略“/INCREMENTAL”(由于“/OPT:REF”规范)
            正在创建库 D:\zhangh-t\ax\VehicleTerminal\VehicleTerminal\thirdpart\log4cplus-1.1.2\msvc10\Win32\bin.Debug_Unicode\log4cplusUD.lib 和对象 D:\zhangh-t\ax\VehicleTerminal\VehicleTerminal\thirdpart\log4cplus-1.1.2\msvc10\Win32\bin.Debug_Unicode\log4cplusUD.exp
         {{xgTaskID=00000000}}
       Manifest:
         c:\Program Files (x86)\Microsoft SDKs\Windows\v7.0A\bin\mt.exe /nologo /verbose /out:"D:\zhangh-t\ax\VehicleTerminal\VehicleTerminal\thirdpart\log4cplus-1.1.2\msvc10\Win32\obj.log4cplus.Debug_Unicode\log4cplusUD.dll.embed.manifest" /manifest "D:\zhangh-t\ax\VehicleTerminal\VehicleTerminal\thirdpart\log4cplus-1.1.2\msvc10\Win32\obj.log4cplus.Debug_Unicode\log4cplusUD.dll.intermediate.manifest"
         {{xgTaskID=00000074}}
         
         {{xgTaskID=00000000}}
         c:\Program Files (x86)\Microsoft SDKs\Windows\v7.0A\bin\rc.exe /nologo /fo"D:\zhangh-t\ax\VehicleTerminal\VehicleTerminal\thirdpart\log4cplus-1.1.2\msvc10\Win32\obj.log4cplus.Debug_Unicode\log4cplusUD.dll.embed.manifest.res" D:\zhangh-t\ax\VehicleTerminal\VehicleTerminal\thirdpart\log4cplus-1.1.2\msvc10\Win32\obj.log4cplus.Debug_Unicode\log4cplusUD_manifest.rc 
         {{xgTaskID=00000075}}
         
         {{xgTaskID=00000000}}
       LinkEmbedManifest:
         C:\Program Files (x86)\Microsoft Visual Studio 10.0\VC\bin\link.exe /ERRORREPORT:PROMPT /OUT:"D:\zhangh-t\ax\VehicleTerminal\VehicleTerminal\thirdpart\log4cplus-1.1.2\msvc10\Win32\bin.Debug_Unicode\log4cplusUD.dll" /INCREMENTAL /NOLOGO ws2_32.lib kernel32.lib user32.lib gdi32.lib winspool.lib comdlg32.lib advapi32.lib shell32.lib ole32.lib oleaut32.lib uuid.lib odbc32.lib odbccp32.lib /MANIFEST /ManifestFile:"D:\zhangh-t\ax\VehicleTerminal\VehicleTerminal\thirdpart\log4cplus-1.1.2\msvc10\Win32\obj.log4cplus.Debug_Unicode\log4cplusUD.dll.intermediate.manifest" /MANIFESTUAC:"level='asInvoker' uiAccess='false'" /DEBUG /PDB:"D:\zhangh-t\ax\VehicleTerminal\VehicleTerminal\thirdpart\log4cplus-1.1.2\msvc10\Win32\bin.Debug_Unicode\log4cplusUD.pdb" /OPT:REF /OPT:NOICF /TLBID:1 /DYNAMICBASE /NXCOMPAT /IMPLIB:"D:\zhangh-t\ax\VehicleTerminal\VehicleTerminal\thirdpart\log4cplus-1.1.2\msvc10\Win32\bin.Debug_Unicode\log4cplusUD.lib" /MACHINE:X86 /DLL "D:\zhangh-t\ax\VehicleTerminal\VehicleTerminal\thirdpart\log4cplus-1.1.2\msvc10\Win32\obj.log4cplus.Debug_Unicode\log4cplusUD.dll.embed.manifest.res"
         "D:\zhangh-t\ax\VehicleTerminal\VehicleTerminal\thirdpart\log4cplus-1.1.2\msvc10\Win32\obj.log4cplus.Debug_Unicode\appender.obj"
         "D:\zhangh-t\ax\VehicleTerminal\VehicleTerminal\thirdpart\log4cplus-1.1.2\msvc10\Win32\obj.log4cplus.Debug_Unicode\clogger.obj"
         "D:\zhangh-t\ax\VehicleTerminal\VehicleTerminal\thirdpart\log4cplus-1.1.2\msvc10\Win32\obj.log4cplus.Debug_Unicode\configurator.obj"
         "D:\zhangh-t\ax\VehicleTerminal\VehicleTerminal\thirdpart\log4cplus-1.1.2\msvc10\Win32\obj.log4cplus.Debug_Unicode\fileinfo.obj"
         "D:\zhangh-t\ax\VehicleTerminal\VehicleTerminal\thirdpart\log4cplus-1.1.2\msvc10\Win32\obj.log4cplus.Debug_Unicode\global-init.obj"
         "D:\zhangh-t\ax\VehicleTerminal\VehicleTerminal\thirdpart\log4cplus-1.1.2\msvc10\Win32\obj.log4cplus.Debug_Unicode\hierarchy.obj"
         "D:\zhangh-t\ax\VehicleTerminal\VehicleTerminal\thirdpart\log4cplus-1.1.2\msvc10\Win32\obj.log4cplus.Debug_Unicode\hierarchylocker.obj"
         "D:\zhangh-t\ax\VehicleTerminal\VehicleTerminal\thirdpart\log4cplus-1.1.2\msvc10\Win32\obj.log4cplus.Debug_Unicode\layout.obj"
         "D:\zhangh-t\ax\VehicleTerminal\VehicleTerminal\thirdpart\log4cplus-1.1.2\msvc10\Win32\obj.log4cplus.Debug_Unicode\lockfile.obj"
         "D:\zhangh-t\ax\VehicleTerminal\VehicleTerminal\thirdpart\log4cplus-1.1.2\msvc10\Win32\obj.log4cplus.Debug_Unicode\log4judpappender.obj"
         "D:\zhangh-t\ax\VehicleTerminal\VehicleTerminal\thirdpart\log4cplus-1.1.2\msvc10\Win32\obj.log4cplus.Debug_Unicode\logger.obj"
         "D:\zhangh-t\ax\VehicleTerminal\VehicleTerminal\thirdpart\log4cplus-1.1.2\msvc10\Win32\obj.log4cplus.Debug_Unicode\loggingevent.obj"
         "D:\zhangh-t\ax\VehicleTerminal\VehicleTerminal\thirdpart\log4cplus-1.1.2\msvc10\Win32\obj.log4cplus.Debug_Unicode\loggingmacros.obj"
         "D:\zhangh-t\ax\VehicleTerminal\VehicleTerminal\thirdpart\log4cplus-1.1.2\msvc10\Win32\obj.log4cplus.Debug_Unicode\mdc.obj"
         "D:\zhangh-t\ax\VehicleTerminal\VehicleTerminal\thirdpart\log4cplus-1.1.2\msvc10\Win32\obj.log4cplus.Debug_Unicode\ndc.obj"
         "D:\zhangh-t\ax\VehicleTerminal\VehicleTerminal\thirdpart\log4cplus-1.1.2\msvc10\Win32\obj.log4cplus.Debug_Unicode\patternlayout.obj"
         "D:\zhangh-t\ax\VehicleTerminal\VehicleTerminal\thirdpart\log4cplus-1.1.2\msvc10\Win32\obj.log4cplus.Debug_Unicode\version.obj"
         "D:\zhangh-t\ax\VehicleTerminal\VehicleTerminal\thirdpart\log4cplus-1.1.2\msvc10\Win32\obj.log4cplus.Debug_Unicode\asyncappender.obj"
         "D:\zhangh-t\ax\VehicleTerminal\VehicleTerminal\thirdpart\log4cplus-1.1.2\msvc10\Win32\obj.log4cplus.Debug_Unicode\consoleappender.obj"
         "D:\zhangh-t\ax\VehicleTerminal\VehicleTerminal\thirdpart\log4cplus-1.1.2\msvc10\Win32\obj.log4cplus.Debug_Unicode\fileappender.obj"
         "D:\zhangh-t\ax\VehicleTerminal\VehicleTerminal\thirdpart\log4cplus-1.1.2\msvc10\Win32\obj.log4cplus.Debug_Unicode\nteventlogappender.obj"
         "D:\zhangh-t\ax\VehicleTerminal\VehicleTerminal\thirdpart\log4cplus-1.1.2\msvc10\Win32\obj.log4cplus.Debug_Unicode\nullappender.obj"
         "D:\zhangh-t\ax\VehicleTerminal\VehicleTerminal\thirdpart\log4cplus-1.1.2\msvc10\Win32\obj.log4cplus.Debug_Unicode\socketappender.obj"
         "D:\zhangh-t\ax\VehicleTerminal\VehicleTerminal\thirdpart\log4cplus-1.1.2\msvc10\Win32\obj.log4cplus.Debug_Unicode\syslogappender.obj"
         "D:\zhangh-t\ax\VehicleTerminal\VehicleTerminal\thirdpart\log4cplus-1.1.2\msvc10\Win32\obj.log4cplus.Debug_Unicode\win32consoleappender.obj"
         "D:\zhangh-t\ax\VehicleTerminal\VehicleTerminal\thirdpart\log4cplus-1.1.2\msvc10\Win32\obj.log4cplus.Debug_Unicode\win32debugappender.obj"
         "D:\zhangh-t\ax\VehicleTerminal\VehicleTerminal\thirdpart\log4cplus-1.1.2\msvc10\Win32\obj.log4cplus.Debug_Unicode\env.obj"
         "D:\zhangh-t\ax\VehicleTerminal\VehicleTerminal\thirdpart\log4cplus-1.1.2\msvc10\Win32\obj.log4cplus.Debug_Unicode\factory.obj"
         "D:\zhangh-t\ax\VehicleTerminal\VehicleTerminal\thirdpart\log4cplus-1.1.2\msvc10\Win32\obj.log4cplus.Debug_Unicode\filter.obj"
         "D:\zhangh-t\ax\VehicleTerminal\VehicleTerminal\thirdpart\log4cplus-1.1.2\msvc10\Win32\obj.log4cplus.Debug_Unicode\loggerimpl.obj"
         "D:\zhangh-t\ax\VehicleTerminal\VehicleTerminal\thirdpart\log4cplus-1.1.2\msvc10\Win32\obj.log4cplus.Debug_Unicode\loglevel.obj"
         "D:\zhangh-t\ax\VehicleTerminal\VehicleTerminal\thirdpart\log4cplus-1.1.2\msvc10\Win32\obj.log4cplus.Debug_Unicode\objectregistry.obj"
         "D:\zhangh-t\ax\VehicleTerminal\VehicleTerminal\thirdpart\log4cplus-1.1.2\msvc10\Win32\obj.log4cplus.Debug_Unicode\rootlogger.obj"
         "D:\zhangh-t\ax\VehicleTerminal\VehicleTerminal\thirdpart\log4cplus-1.1.2\msvc10\Win32\obj.log4cplus.Debug_Unicode\syncprims.obj"
         "D:\zhangh-t\ax\VehicleTerminal\VehicleTerminal\thirdpart\log4cplus-1.1.2\msvc10\Win32\obj.log4cplus.Debug_Unicode\threads.obj"
         "D:\zhangh-t\ax\VehicleTerminal\VehicleTerminal\thirdpart\log4cplus-1.1.2\msvc10\Win32\obj.log4cplus.Debug_Unicode\tls.obj"
         "D:\zhangh-t\ax\VehicleTerminal\VehicleTerminal\thirdpart\log4cplus-1.1.2\msvc10\Win32\obj.log4cplus.Debug_Unicode\appenderattachableimpl.obj"
         "D:\zhangh-t\ax\VehicleTerminal\VehicleTerminal\thirdpart\log4cplus-1.1.2\msvc10\Win32\obj.log4cplus.Debug_Unicode\loglog.obj"
         "D:\zhangh-t\ax\VehicleTerminal\VehicleTerminal\thirdpart\log4cplus-1.1.2\msvc10\Win32\obj.log4cplus.Debug_Unicode\logloguser.obj"
         "D:\zhangh-t\ax\VehicleTerminal\VehicleTerminal\thirdpart\log4cplus-1.1.2\msvc10\Win32\obj.log4cplus.Debug_Unicode\pointer.obj"
         "D:\zhangh-t\ax\VehicleTerminal\VehicleTerminal\thirdpart\log4cplus-1.1.2\msvc10\Win32\obj.log4cplus.Debug_Unicode\property.obj"
         "D:\zhangh-t\ax\VehicleTerminal\VehicleTerminal\thirdpart\log4cplus-1.1.2\msvc10\Win32\obj.log4cplus.Debug_Unicode\queue.obj"
         "D:\zhangh-t\ax\VehicleTerminal\VehicleTerminal\thirdpart\log4cplus-1.1.2\msvc10\Win32\obj.log4cplus.Debug_Unicode\sleep.obj"
         "D:\zhangh-t\ax\VehicleTerminal\VehicleTerminal\thirdpart\log4cplus-1.1.2\msvc10\Win32\obj.log4cplus.Debug_Unicode\snprintf.obj"
         "D:\zhangh-t\ax\VehicleTerminal\VehicleTerminal\thirdpart\log4cplus-1.1.2\msvc10\Win32\obj.log4cplus.Debug_Unicode\socket-win32.obj"
         "D:\zhangh-t\ax\VehicleTerminal\VehicleTerminal\thirdpart\log4cplus-1.1.2\msvc10\Win32\obj.log4cplus.Debug_Unicode\socket.obj"
         "D:\zhangh-t\ax\VehicleTerminal\VehicleTerminal\thirdpart\log4cplus-1.1.2\msvc10\Win32\obj.log4cplus.Debug_Unicode\socketbuffer.obj"
         "D:\zhangh-t\ax\VehicleTerminal\VehicleTerminal\thirdpart\log4cplus-1.1.2\msvc10\Win32\obj.log4cplus.Debug_Unicode\stringhelper-clocale.obj"
         "D:\zhangh-t\ax\VehicleTerminal\VehicleTerminal\thirdpart\log4cplus-1.1.2\msvc10\Win32\obj.log4cplus.Debug_Unicode\stringhelper-cxxlocale.obj"
         "D:\zhangh-t\ax\VehicleTerminal\VehicleTerminal\thirdpart\log4cplus-1.1.2\msvc10\Win32\obj.log4cplus.Debug_Unicode\stringhelper-iconv.obj"
         "D:\zhangh-t\ax\VehicleTerminal\VehicleTerminal\thirdpart\log4cplus-1.1.2\msvc10\Win32\obj.log4cplus.Debug_Unicode\stringhelper.obj"
         "D:\zhangh-t\ax\VehicleTerminal\VehicleTerminal\thirdpart\log4cplus-1.1.2\msvc10\Win32\obj.log4cplus.Debug_Unicode\timehelper.obj"
         {{xgTaskID=00000076}}
     1>LINK : warning LNK4075: 忽略“/INCREMENTAL”(由于“/OPT:REF”规范)
            正在创建库 D:\zhangh-t\ax\VehicleTerminal\VehicleTerminal\thirdpart\log4cplus-1.1.2\msvc10\Win32\bin.Debug_Unicode\log4cplusUD.lib 和对象 D:\zhangh-t\ax\VehicleTerminal\VehicleTerminal\thirdpart\log4cplus-1.1.2\msvc10\Win32\bin.Debug_Unicode\log4cplusUD.exp
         {{xgTaskID=00000000}}
         log4cplus.vcxproj -> D:\zhangh-t\ax\VehicleTerminal\VehicleTerminal\thirdpart\log4cplus-1.1.2\msvc10\Win32\bin.Debug_Unicode\log4cplusUD.dll
       FinalizeBuildStatus:
         正在删除文件“D:\zhangh-t\ax\VehicleTerminal\VehicleTerminal\thirdpart\log4cplus-1.1.2\msvc10\Win32\obj.log4cplus.Debug_Unicode\log4cplus.unsuccessfulbuild”。
         正在对“D:\zhangh-t\ax\VehicleTerminal\VehicleTerminal\thirdpart\log4cplus-1.1.2\msvc10\Win32\obj.log4cplus.Debug_Unicode\log4cplus.lastbuildstate”执行 Touch 任务。
     1>已完成生成项目“D:\zhangh-t\ax\VehicleTerminal\VehicleTerminal\thirdpart\log4cplus-1.1.2\msvc10\log4cplus.vcxproj”(build 个目标)的操作。

生成成功。

已用时间 00:00:11.20
