生成启动时间为 2017/10/15 18:11:44。
     1>项目“D:\zhangh-t\ax\VehicleTerminal\VehicleTerminal\thirdpart\log4cplus-1.1.2\msvc10\loggingserver.vcxproj”在节点 7 上(build 个目标)。
     1>InitializeBuildStatus:
         正在创建“D:\zhangh-t\ax\VehicleTerminal\VehicleTerminal\thirdpart\log4cplus-1.1.2\msvc10\Win32\obj.loggingserver.Debug_Unicode\loggingserver.unsuccessfulbuild”，因为已指定“AlwaysCreate”。
       ClCompile:
         C:\Program Files (x86)\Microsoft Visual Studio 10.0\VC\bin\CL.exe /c /I..\include /ZI /nologo /W3 /WX- /Od /Oy- /D _DEBUG /D WIN32 /D _CONSOLE /D LOG4CPLUS_BUILD_DLL /D _UNICODE /D UNICODE /Gm /EHsc /RTC1 /MDd /GS /fp:precise /Zc:wchar_t /Zc:forScope /Fo"D:\zhangh-t\ax\VehicleTerminal\VehicleTerminal\thirdpart\log4cplus-1.1.2\msvc10\Win32\obj.loggingserver.Debug_Unicode\\" /Fd"D:\zhangh-t\ax\VehicleTerminal\VehicleTerminal\thirdpart\log4cplus-1.1.2\msvc10\Win32\bin.Debug_Unicode\loggingserver.pdb" /Gd /TP /analyze- /errorReport:prompt ..\loggingserver\loggingserver.cxx
         {{xgTaskID=00000085}}
         loggingserver.cxx
         {{xgTaskID=00000000}}
       ManifestResourceCompile:
         c:\Program Files (x86)\Microsoft SDKs\Windows\v7.0A\bin\rc.exe /nologo /fo"D:\zhangh-t\ax\VehicleTerminal\VehicleTerminal\thirdpart\log4cplus-1.1.2\msvc10\Win32\obj.loggingserver.Debug_Unicode\loggingserver.exe.embed.manifest.res" D:\zhangh-t\ax\VehicleTerminal\VehicleTerminal\thirdpart\log4cplus-1.1.2\msvc10\Win32\obj.loggingserver.Debug_Unicode\loggingserver_manifest.rc 
         {{xgTaskID=0000009C}}
         
         {{xgTaskID=00000000}}
       Link:
         C:\Program Files (x86)\Microsoft Visual Studio 10.0\VC\bin\link.exe /ERRORREPORT:PROMPT /OUT:"D:\zhangh-t\ax\VehicleTerminal\VehicleTerminal\thirdpart\log4cplus-1.1.2\msvc10\Win32\bin.Debug_Unicode\loggingserver.exe" /INCREMENTAL /NOLOGO /LIBPATH:"D:\zhangh-t\ax\VehicleTerminal\VehicleTerminal\thirdpart\log4cplus-1.1.2\msvc10\Win32\bin.Debug_Unicode" odbc32.lib odbccp32.lib log4cplusUD.lib kernel32.lib user32.lib gdi32.lib winspool.lib comdlg32.lib advapi32.lib shell32.lib ole32.lib oleaut32.lib uuid.lib odbc32.lib odbccp32.lib /MANIFEST /ManifestFile:"D:\zhangh-t\ax\VehicleTerminal\VehicleTerminal\thirdpart\log4cplus-1.1.2\msvc10\Win32\obj.loggingserver.Debug_Unicode\loggingserver.exe.intermediate.manifest" /MANIFESTUAC:"level='asInvoker' uiAccess='false'" /DEBUG /PDB:"D:\zhangh-t\ax\VehicleTerminal\VehicleTerminal\thirdpart\log4cplus-1.1.2\msvc10\Win32\bin.Debug_Unicode\loggingserver.pdb" /SUBSYSTEM:CONSOLE /TLBID:1 /DYNAMICBASE /NXCOMPAT /IMPLIB:"D:\zhangh-t\ax\VehicleTerminal\VehicleTerminal\thirdpart\log4cplus-1.1.2\msvc10\Win32\bin.Debug_Unicode\loggingserver.lib" /MACHINE:X86 "D:\zhangh-t\ax\VehicleTerminal\VehicleTerminal\thirdpart\log4cplus-1.1.2\msvc10\Win32\obj.loggingserver.Debug_Unicode\loggingserver.exe.embed.manifest.res"
         "D:\zhangh-t\ax\VehicleTerminal\VehicleTerminal\thirdpart\log4cplus-1.1.2\msvc10\Win32\obj.loggingserver.Debug_Unicode\loggingserver.obj"
         "D:\zhangh-t\ax\VehicleTerminal\VehicleTerminal\thirdpart\log4cplus-1.1.2\msvc10\Win32\bin.Debug_Unicode\log4cplusUD.lib"
         {{xgTaskID=000000A8}}
         
         {{xgTaskID=00000000}}
       Manifest:
         c:\Program Files (x86)\Microsoft SDKs\Windows\v7.0A\bin\mt.exe /nologo /verbose /out:"D:\zhangh-t\ax\VehicleTerminal\VehicleTerminal\thirdpart\log4cplus-1.1.2\msvc10\Win32\obj.loggingserver.Debug_Unicode\loggingserver.exe.embed.manifest" /manifest "D:\zhangh-t\ax\VehicleTerminal\VehicleTerminal\thirdpart\log4cplus-1.1.2\msvc10\Win32\obj.loggingserver.Debug_Unicode\loggingserver.exe.intermediate.manifest"
         {{xgTaskID=000000B8}}
         
         {{xgTaskID=00000000}}
         c:\Program Files (x86)\Microsoft SDKs\Windows\v7.0A\bin\rc.exe /nologo /fo"D:\zhangh-t\ax\VehicleTerminal\VehicleTerminal\thirdpart\log4cplus-1.1.2\msvc10\Win32\obj.loggingserver.Debug_Unicode\loggingserver.exe.embed.manifest.res" D:\zhangh-t\ax\VehicleTerminal\VehicleTerminal\thirdpart\log4cplus-1.1.2\msvc10\Win32\obj.loggingserver.Debug_Unicode\loggingserver_manifest.rc 
         {{xgTaskID=000000C3}}
         
         {{xgTaskID=00000000}}
       LinkEmbedManifest:
         C:\Program Files (x86)\Microsoft Visual Studio 10.0\VC\bin\link.exe /ERRORREPORT:PROMPT /OUT:"D:\zhangh-t\ax\VehicleTerminal\VehicleTerminal\thirdpart\log4cplus-1.1.2\msvc10\Win32\bin.Debug_Unicode\loggingserver.exe" /INCREMENTAL /NOLOGO /LIBPATH:"D:\zhangh-t\ax\VehicleTerminal\VehicleTerminal\thirdpart\log4cplus-1.1.2\msvc10\Win32\bin.Debug_Unicode" odbc32.lib odbccp32.lib log4cplusUD.lib kernel32.lib user32.lib gdi32.lib winspool.lib comdlg32.lib advapi32.lib shell32.lib ole32.lib oleaut32.lib uuid.lib odbc32.lib odbccp32.lib /MANIFEST /ManifestFile:"D:\zhangh-t\ax\VehicleTerminal\VehicleTerminal\thirdpart\log4cplus-1.1.2\msvc10\Win32\obj.loggingserver.Debug_Unicode\loggingserver.exe.intermediate.manifest" /MANIFESTUAC:"level='asInvoker' uiAccess='false'" /DEBUG /PDB:"D:\zhangh-t\ax\VehicleTerminal\VehicleTerminal\thirdpart\log4cplus-1.1.2\msvc10\Win32\bin.Debug_Unicode\loggingserver.pdb" /SUBSYSTEM:CONSOLE /TLBID:1 /DYNAMICBASE /NXCOMPAT /IMPLIB:"D:\zhangh-t\ax\VehicleTerminal\VehicleTerminal\thirdpart\log4cplus-1.1.2\msvc10\Win32\bin.Debug_Unicode\loggingserver.lib" /MACHINE:X86 "D:\zhangh-t\ax\VehicleTerminal\VehicleTerminal\thirdpart\log4cplus-1.1.2\msvc10\Win32\obj.loggingserver.Debug_Unicode\loggingserver.exe.embed.manifest.res"
         "D:\zhangh-t\ax\VehicleTerminal\VehicleTerminal\thirdpart\log4cplus-1.1.2\msvc10\Win32\obj.loggingserver.Debug_Unicode\loggingserver.obj"
         "D:\zhangh-t\ax\VehicleTerminal\VehicleTerminal\thirdpart\log4cplus-1.1.2\msvc10\Win32\bin.Debug_Unicode\log4cplusUD.lib"
         {{xgTaskID=000000CF}}
         
         {{xgTaskID=00000000}}
         loggingserver.vcxproj -> D:\zhangh-t\ax\VehicleTerminal\VehicleTerminal\thirdpart\log4cplus-1.1.2\msvc10\Win32\bin.Debug_Unicode\loggingserver.exe
       FinalizeBuildStatus:
         正在删除文件“D:\zhangh-t\ax\VehicleTerminal\VehicleTerminal\thirdpart\log4cplus-1.1.2\msvc10\Win32\obj.loggingserver.Debug_Unicode\loggingserver.unsuccessfulbuild”。
         正在对“D:\zhangh-t\ax\VehicleTerminal\VehicleTerminal\thirdpart\log4cplus-1.1.2\msvc10\Win32\obj.loggingserver.Debug_Unicode\loggingserver.lastbuildstate”执行 Touch 任务。
     1>已完成生成项目“D:\zhangh-t\ax\VehicleTerminal\VehicleTerminal\thirdpart\log4cplus-1.1.2\msvc10\loggingserver.vcxproj”(build 个目标)的操作。

生成成功。

已用时间 00:00:11.88
