生成启动时间为 2017/10/15 18:09:51。
     1>项目“D:\zhangh-t\ax\VehicleTerminal\VehicleTerminal\thirdpart\log4cplus-1.1.2\msvc10\log4cplus.vcxproj”在节点 2 上(build 个目标)。
     1>InitializeBuildStatus:
         正在创建“D:\zhangh-t\ax\VehicleTerminal\VehicleTerminal\thirdpart\log4cplus-1.1.2\msvc10\Win32\obj.log4cplus.Debug\log4cplus.unsuccessfulbuild”，因为已指定“AlwaysCreate”。
       ClCompile:
         C:\Program Files (x86)\Microsoft Visual Studio 10.0\VC\bin\CL.exe /c /I..\include /Zi /nologo /W3 /WX- /Od /Oy- /D LOG4CPLUS_BUILD_DLL /D _DEBUG /D DEBUG /D WIN32 /D _WIN32_WINNT=0x0501 /D WINVER=0x0501 /D INSIDE_LOG4CPLUS /D _SCL_SECURE_NO_DEPRECATE /D _CRT_SECURE_NO_DEPRECATE /D _CRT_SECURE_NO_WARNINGS /D _WINDLL /D _MBCS /Gm /EHsc /RTC1 /MDd /GS /Gy /fp:precise /Zc:wchar_t /Zc:forScope /Fo"D:\zhangh-t\ax\VehicleTerminal\VehicleTerminal\thirdpart\log4cplus-1.1.2\msvc10\Win32\obj.log4cplus.Debug\\" /Fd"D:\zhangh-t\ax\VehicleTerminal\VehicleTerminal\thirdpart\log4cplus-1.1.2\msvc10\Win32\bin.Debug\log4cplusD.c.pdb" /Gd /TP /analyze- /errorReport:prompt ..\src\appender.cxx ..\src\clogger.cxx ..\src\configurator.cxx ..\src\fileinfo.cxx "..\src\global-init.cxx" ..\src\hierarchy.cxx ..\src\hierarchylocker.cxx ..\src\layout.cxx ..\src\lockfile.cxx ..\src\log4judpappender.cxx ..\src\logger.cxx ..\src\loggingevent.cxx ..\src\loggingmacros.cxx ..\src\mdc.cxx ..\src\ndc.cxx ..\src\patternlayout.cxx ..\src\version.cxx ..\src\asyncappender.cxx ..\src\consoleappender.cxx ..\src\fileappender.cxx ..\src\nteventlogappender.cxx ..\src\nullappender.cxx ..\src\socketappender.cxx ..\src\syslogappender.cxx ..\src\win32consoleappender.cxx ..\src\win32debugappender.cxx ..\src\env.cxx ..\src\factory.cxx ..\src\filter.cxx ..\src\loggerimpl.cxx ..\src\loglevel.cxx ..\src\objectregistry.cxx ..\src\rootlogger.cxx ..\src\syncprims.cxx ..\src\threads.cxx ..\src\tls.cxx ..\src\appenderattachableimpl.cxx ..\src\loglog.cxx ..\src\logloguser.cxx ..\src\pointer.cxx ..\src\property.cxx ..\src\queue.cxx ..\src\sleep.cxx ..\src\snprintf.cxx "..\src\socket-win32.cxx" ..\src\socket.cxx ..\src\socketbuffer.cxx "..\src\stringhelper-clocale.cxx" "..\src\stringhelper-cxxlocale.cxx" "..\src\stringhelper-iconv.cxx" ..\src\stringhelper.cxx ..\src\timehelper.cxx
         {{xgTaskID=00000017}}
         version.cxx
         {{xgTaskID=00000000}}
         {{xgTaskID=00000008}}
         clogger.cxx
         {{xgTaskID=00000000}}
         {{xgTaskID=0000000A}}
         fileinfo.cxx
         {{xgTaskID=00000000}}
         {{xgTaskID=00000007}}
         appender.cxx
         {{xgTaskID=00000000}}
         {{xgTaskID=0000000C}}
         hierarchy.cxx
         {{xgTaskID=00000000}}
         {{xgTaskID=0000000D}}
         hierarchylocker.cxx
         {{xgTaskID=00000000}}
         {{xgTaskID=0000000E}}
         layout.cxx
         {{xgTaskID=00000000}}
         {{xgTaskID=00000037}}
         stringhelper-cxxlocale.cxx
         {{xgTaskID=00000000}}
         {{xgTaskID=00000015}}
         ndc.cxx
         {{xgTaskID=00000000}}
         {{xgTaskID=00000018}}
         asyncappender.cxx
         {{xgTaskID=00000000}}
         {{xgTaskID=00000022}}
         factory.cxx
         {{xgTaskID=00000000}}
         {{xgTaskID=00000035}}
         socketbuffer.cxx
         {{xgTaskID=00000000}}
         {{xgTaskID=00000020}}
         win32debugappender.cxx
         {{xgTaskID=00000000}}
         {{xgTaskID=0000001F}}
         win32consoleappender.cxx
         {{xgTaskID=00000000}}
         {{xgTaskID=00000019}}
         consoleappender.cxx
         {{xgTaskID=00000000}}
         {{xgTaskID=0000002B}}
         appenderattachableimpl.cxx
         {{xgTaskID=00000000}}
         {{xgTaskID=00000036}}
         stringhelper-clocale.cxx
         {{xgTaskID=00000000}}
         {{xgTaskID=0000002A}}
         tls.cxx
         {{xgTaskID=00000000}}
         {{xgTaskID=00000039}}
         stringhelper.cxx
         {{xgTaskID=00000000}}
         {{xgTaskID=00000009}}
         configurator.cxx
         {{xgTaskID=00000000}}
         {{xgTaskID=00000014}}
         mdc.cxx
         {{xgTaskID=00000000}}
         {{xgTaskID=00000011}}
         logger.cxx
         {{xgTaskID=00000000}}
         {{xgTaskID=00000027}}
         rootlogger.cxx
         {{xgTaskID=00000000}}
         {{xgTaskID=00000031}}
         sleep.cxx
         {{xgTaskID=00000000}}
         {{xgTaskID=00000016}}
         patternlayout.cxx
         {{xgTaskID=00000000}}
         {{xgTaskID=00000028}}
         syncprims.cxx
         {{xgTaskID=00000000}}
         {{xgTaskID=00000024}}
         loggerimpl.cxx
         {{xgTaskID=00000000}}
         {{xgTaskID=00000030}}
         queue.cxx
         {{xgTaskID=00000000}}
         {{xgTaskID=0000001D}}
         socketappender.cxx
         {{xgTaskID=00000000}}
         {{xgTaskID=00000023}}
         filter.cxx
         {{xgTaskID=00000000}}
         {{xgTaskID=00000010}}
         log4judpappender.cxx
         {{xgTaskID=00000000}}
         {{xgTaskID=00000034}}
         socket.cxx
         {{xgTaskID=00000000}}
         {{xgTaskID=0000001B}}
         nteventlogappender.cxx
         {{xgTaskID=00000000}}
         {{xgTaskID=0000002D}}
         logloguser.cxx
         {{xgTaskID=00000000}}
         {{xgTaskID=0000001C}}
         nullappender.cxx
         {{xgTaskID=00000000}}
         {{xgTaskID=0000000B}}
         global-init.cxx
         {{xgTaskID=00000000}}
         {{xgTaskID=00000012}}
         loggingevent.cxx
         {{xgTaskID=00000000}}
         {{xgTaskID=00000029}}
         threads.cxx
         {{xgTaskID=00000000}}
         {{xgTaskID=00000025}}
         loglevel.cxx
         {{xgTaskID=00000000}}
         {{xgTaskID=00000026}}
         objectregistry.cxx
         {{xgTaskID=00000000}}
         {{xgTaskID=0000000F}}
         lockfile.cxx
         {{xgTaskID=00000000}}
         {{xgTaskID=0000002F}}
         property.cxx
         {{xgTaskID=00000000}}
         {{xgTaskID=00000038}}
         stringhelper-iconv.cxx
         {{xgTaskID=00000000}}
