D:\ZHANGH-T\AX\VEHICLETERMINAL\BIN\VEHICLETERMINALCONTROLS.DLL
D:\zhangh-t\ax\VehicleTerminal\Lib\Win32\VehicleTerminalControls.exp
D:\zhangh-t\ax\VehicleTerminal\Lib\Win32\VehicleTerminalControls.lib
D:\zhangh-t\ax\VehicleTerminal\VehicleTerminal\..\bin\VehicleTerminalControls.dll
D:\ZHANGH-T\AX\VEHICLETERMINAL\VEHICLETERMINAL\VEHICLETERMINALCONTROLS\GENERATEDFILES\RELEASE\MOC_VTHTMLBOARD.CPP
D:\ZHANGH-T\AX\VEHICLETERMINAL\VEHICLETERMINAL\VEHICLETERMINALCONTROLS\GENERATEDFILES\RELEASE\MOC_VTMULTIINPUTCHART.CPP
D:\ZHANGH-T\AX\VEHICLETERMINAL\VEHICLETERMINAL\VEHICLETERMINALCONTROLS\GENERATEDFILES\RELEASE\MOC_VTSINGLEINPUTSIGNAL.CPP
D:\zhangh-t\ax\VehicleTerminal\VehicleTerminal\VehicleTerminalControls\Release\cl.command.1.tlog
D:\zhangh-t\ax\VehicleTerminal\VehicleTerminal\VehicleTerminalControls\Release\CL.read.1.tlog
D:\zhangh-t\ax\VehicleTerminal\VehicleTerminal\VehicleTerminalControls\Release\CL.write.1.tlog
D:\zhangh-t\ax\VehicleTerminal\VehicleTerminal\VehicleTerminalControls\Release\custombuild.command.1.tlog
D:\zhangh-t\ax\VehicleTerminal\VehicleTerminal\VehicleTerminalControls\Release\custombuild.read.1.tlog
D:\zhangh-t\ax\VehicleTerminal\VehicleTerminal\VehicleTerminalControls\Release\custombuild.write.1.tlog
D:\zhangh-t\ax\VehicleTerminal\VehicleTerminal\VehicleTerminalControls\Release\link.command.1.tlog
D:\zhangh-t\ax\VehicleTerminal\VehicleTerminal\VehicleTerminalControls\Release\link.read.1.tlog
D:\zhangh-t\ax\VehicleTerminal\VehicleTerminal\VehicleTerminalControls\Release\link.write.1.tlog
D:\ZHANGH-T\AX\VEHICLETERMINAL\VEHICLETERMINAL\VEHICLETERMINALCONTROLS\RELEASE\MOC_VTHTMLBOARD.OBJ
D:\ZHANGH-T\AX\VEHICLETERMINAL\VEHICLETERMINAL\VEHICLETERMINALCONTROLS\RELEASE\MOC_VTMULTIINPUTCHART.OBJ
D:\ZHANGH-T\AX\VEHICLETERMINAL\VEHICLETERMINAL\VEHICLETERMINALCONTROLS\RELEASE\MOC_VTSINGLEINPUTSIGNAL.OBJ
D:\zhangh-t\ax\VehicleTerminal\VehicleTerminal\VehicleTerminalControls\Release\mt.command.1.tlog
D:\zhangh-t\ax\VehicleTerminal\VehicleTerminal\VehicleTerminalControls\Release\mt.read.1.tlog
D:\zhangh-t\ax\VehicleTerminal\VehicleTerminal\VehicleTerminalControls\Release\mt.write.1.tlog
D:\zhangh-t\ax\VehicleTerminal\VehicleTerminal\VehicleTerminalControls\Release\vc100.idb
D:\zhangh-t\ax\VehicleTerminal\VehicleTerminal\VehicleTerminalControls\Release\vc100.pdb
D:\ZHANGH-T\AX\VEHICLETERMINAL\VEHICLETERMINAL\VEHICLETERMINALCONTROLS\RELEASE\VEHICLETERMINALCONTROLS.DLL.INTERMEDIATE.MANIFEST
D:\zhangh-t\ax\VehicleTerminal\VehicleTerminal\VehicleTerminalControls\Release\VehicleTerminalControls.vcxprojResolveAssemblyReference.cache
D:\zhangh-t\ax\VehicleTerminal\VehicleTerminal\VehicleTerminalControls\Release\VehicleTerminalControls.write.1.tlog
D:\ZHANGH-T\AX\VEHICLETERMINAL\VEHICLETERMINAL\VEHICLETERMINALCONTROLS\RELEASE\VTCOMMON.OBJ
D:\ZHANGH-T\AX\VEHICLETERMINAL\VEHICLETERMINAL\VEHICLETERMINALCONTROLS\RELEASE\VTHTMLBOARD.OBJ
D:\ZHANGH-T\AX\VEHICLETERMINAL\VEHICLETERMINAL\VEHICLETERMINALCONTROLS\RELEASE\VTMULTIINPUTCHART.OBJ
D:\ZHANGH-T\AX\VEHICLETERMINAL\VEHICLETERMINAL\VEHICLETERMINALCONTROLS\RELEASE\VTSINGLEINPUTSIGNAL.OBJ
