D:\zhangh-t\ax\VehicleTerminal\VehicleTerminal\VehicleTerminalControls\Debug\cl.command.1.tlog
D:\zhangh-t\ax\VehicleTerminal\VehicleTerminal\VehicleTerminalControls\Debug\CL.read.1.tlog
D:\zhangh-t\ax\VehicleTerminal\VehicleTerminal\VehicleTerminalControls\Debug\CL.write.1.tlog
D:\zhangh-t\ax\VehicleTerminal\VehicleTerminal\VehicleTerminalControls\Debug\custombuild.command.1.tlog
D:\zhangh-t\ax\VehicleTerminal\VehicleTerminal\VehicleTerminalControls\Debug\custombuild.read.1.tlog
D:\zhangh-t\ax\VehicleTerminal\VehicleTerminal\VehicleTerminalControls\Debug\custombuild.write.1.tlog
D:\zhangh-t\ax\VehicleTerminal\VehicleTerminal\VehicleTerminalControls\Debug\link.command.1.tlog
D:\zhangh-t\ax\VehicleTerminal\VehicleTerminal\VehicleTerminalControls\Debug\link.read.1.tlog
D:\zhangh-t\ax\VehicleTerminal\VehicleTerminal\VehicleTerminalControls\Debug\link.write.1.tlog
D:\ZHANGH-T\AX\VEHICLETERMINAL\VEHICLETERMINAL\VEHICLETERMINALCONTROLS\DEBUG\MOC_VTHTMLBOARD.OBJ
D:\ZHANGH-T\AX\VEHICLETERMINAL\VEHICLETERMINAL\VEHICLETERMINALCONTROLS\DEBUG\MOC_VTMULTIINPUTCHART.OBJ
D:\ZHANGH-T\AX\VEHICLETERMINAL\VEHICLETERMINAL\VEHICLETERMINALCONTROLS\DEBUG\MOC_VTSINGLEINPUTSIGNAL.OBJ
D:\zhangh-t\ax\VehicleTerminal\VehicleTerminal\VehicleTerminalControls\Debug\vc100.idb
D:\ZHANGH-T\AX\VEHICLETERMINAL\VEHICLETERMINAL\VEHICLETERMINALCONTROLS\DEBUG\VC100.PDB
D:\zhangh-t\ax\VehicleTerminal\VehicleTerminal\VehicleTerminalControls\Debug\VehicleTerminalControls.vcxprojResolveAssemblyReference.cache
D:\zhangh-t\ax\VehicleTerminal\VehicleTerminal\VehicleTerminalControls\Debug\VehicleTerminalControls.write.1.tlog
D:\zhangh-t\ax\VehicleTerminal\VehicleTerminal\VehicleTerminalControls\Debug\VehicleTerminalControlsd.dll.intermediate.manifest
D:\ZHANGH-T\AX\VEHICLETERMINAL\VEHICLETERMINAL\VEHICLETERMINALCONTROLS\DEBUG\VTHTMLBOARD.OBJ
D:\ZHANGH-T\AX\VEHICLETERMINAL\VEHICLETERMINAL\VEHICLETERMINALCONTROLS\DEBUG\VTMULTIINPUTCHART.OBJ
D:\ZHANGH-T\AX\VEHICLETERMINAL\VEHICLETERMINAL\VEHICLETERMINALCONTROLS\DEBUG\VTSINGLEINPUTSIGNAL.OBJ
D:\ZHANGH-T\AX\VEHICLETERMINAL\VEHICLETERMINAL\VEHICLETERMINALCONTROLS\GENERATEDFILES\DEBUG\MOC_VTHTMLBOARD.CPP
D:\ZHANGH-T\AX\VEHICLETERMINAL\VEHICLETERMINAL\VEHICLETERMINALCONTROLS\GENERATEDFILES\DEBUG\MOC_VTMULTIINPUTCHART.CPP
D:\ZHANGH-T\AX\VEHICLETERMINAL\VEHICLETERMINAL\VEHICLETERMINALCONTROLS\GENERATEDFILES\DEBUG\MOC_VTSINGLEINPUTSIGNAL.CPP
D:\ZHANGH-T\AX\VEHICLETERMINAL\VEHICLETERMINAL\VEHICLETERMINALCONTROLS\GENERATEDFILES\DEBUG\VTMULTIINPUTCHART.MOC
D:\zhangh-t\ax\VehicleTerminal\VehicleTerminal\Win32\Debug\VehicleTerminalControlsd.pdb
