生成启动时间为 2017/10/15 18:09:51。
     1>项目“D:\zhangh-t\ax\VehicleTerminal\VehicleTerminal\thirdpart\log4cplus-1.1.2\msvc10\log4cplusS.vcxproj”在节点 3 上(build 个目标)。
     1>InitializeBuildStatus:
         正在创建“D:\zhangh-t\ax\VehicleTerminal\VehicleTerminal\thirdpart\log4cplus-1.1.2\msvc10\Win32\obj.log4cplusS.Debug\log4cplusS.unsuccessfulbuild”，因为已指定“AlwaysCreate”。
       ClCompile:
         C:\Program Files (x86)\Microsoft Visual Studio 10.0\VC\bin\CL.exe /c /I..\include /Zi /nologo /W3 /WX- /Od /Oy- /D LOG4CPLUS_STATIC /D _DEBUG /D DEBUG /D WIN32 /D _WIN32_WINNT=0x0501 /D WINVER=0x0501 /D INSIDE_LOG4CPLUS /D _SCL_SECURE_NO_DEPRECATE /D _CRT_SECURE_NO_DEPRECATE /D _CRT_SECURE_NO_WARNINGS /D _MBCS /Gm /EHsc /RTC1 /MDd /GS /Gy /fp:precise /Zc:wchar_t /Zc:forScope /Fo"D:\zhangh-t\ax\VehicleTerminal\VehicleTerminal\thirdpart\log4cplus-1.1.2\msvc10\Win32\obj.log4cplusS.Debug\\" /Fd"D:\zhangh-t\ax\VehicleTerminal\VehicleTerminal\thirdpart\log4cplus-1.1.2\msvc10\Win32\bin.Debug\log4cplusSD.c.pdb" /FR"D:\zhangh-t\ax\VehicleTerminal\VehicleTerminal\thirdpart\log4cplus-1.1.2\msvc10\Win32\obj.log4cplusS.Debug\\" /Gd /TP /analyze- /errorReport:prompt ..\src\appender.cxx ..\src\clogger.cxx ..\src\configurator.cxx ..\src\fileinfo.cxx "..\src\global-init.cxx" ..\src\hierarchy.cxx ..\src\hierarchylocker.cxx ..\src\layout.cxx ..\src\lockfile.cxx ..\src\log4judpappender.cxx ..\src\logger.cxx ..\src\loggingevent.cxx ..\src\loggingmacros.cxx ..\src\mdc.cxx ..\src\ndc.cxx ..\src\patternlayout.cxx ..\src\property.cxx ..\src\version.cxx ..\src\asyncappender.cxx ..\src\consoleappender.cxx ..\src\fileappender.cxx ..\src\nteventlogappender.cxx ..\src\nullappender.cxx ..\src\socketappender.cxx ..\src\syslogappender.cxx ..\src\win32consoleappender.cxx ..\src\win32debugappender.cxx ..\src\env.cxx ..\src\appenderattachableimpl.cxx ..\src\loglog.cxx ..\src\logloguser.cxx ..\src\pointer.cxx ..\src\queue.cxx ..\src\sleep.cxx ..\src\snprintf.cxx "..\src\socket-win32.cxx" ..\src\socket.cxx ..\src\socketbuffer.cxx "..\src\stringhelper-clocale.cxx" "..\src\stringhelper-cxxlocale.cxx" "..\src\stringhelper-iconv.cxx" ..\src\stringhelper.cxx ..\src\timehelper.cxx ..\src\factory.cxx ..\src\filter.cxx ..\src\loggerimpl.cxx ..\src\loglevel.cxx ..\src\objectregistry.cxx ..\src\rootlogger.cxx ..\src\syncprims.cxx ..\src\threads.cxx ..\src\tls.cxx
         {{xgTaskID=0000003F}}
         fileinfo.cxx
         {{xgTaskID=00000000}}
         {{xgTaskID=00000040}}
         global-init.cxx
         {{xgTaskID=00000000}}
         {{xgTaskID=00000048}}
         loggingmacros.cxx
         {{xgTaskID=00000000}}
         {{xgTaskID=00000049}}
         mdc.cxx
         {{xgTaskID=00000000}}
         {{xgTaskID=00000044}}
         lockfile.cxx
         {{xgTaskID=00000000}}
         {{xgTaskID=0000005D}}
         sleep.cxx
         {{xgTaskID=00000000}}
         {{xgTaskID=00000045}}
         log4judpappender.cxx
         {{xgTaskID=00000000}}
         {{xgTaskID=00000046}}
         logger.cxx
         {{xgTaskID=00000000}}
         {{xgTaskID=0000005B}}
         pointer.cxx
         {{xgTaskID=00000000}}
         {{xgTaskID=00000058}}
         appenderattachableimpl.cxx
         {{xgTaskID=00000000}}
         {{xgTaskID=00000062}}
         stringhelper-clocale.cxx
         {{xgTaskID=00000000}}
         {{xgTaskID=0000004D}}
         version.cxx
         {{xgTaskID=00000000}}
         {{xgTaskID=00000041}}
         hierarchy.cxx
         {{xgTaskID=00000000}}
         {{xgTaskID=0000005A}}
         logloguser.cxx
         {{xgTaskID=00000000}}
         {{xgTaskID=00000053}}
         socketappender.cxx
         {{xgTaskID=00000000}}
